#
# There is insufficient memory for the Java Runtime Environment to continue.
# Native memory allocation (mmap) failed to map 266338304 bytes. Error detail: G1 virtual space
# Possible reasons:
#   The system is out of physical RAM or swap space
#   This process is running with CompressedOops enabled, and the Java Heap may be blocking the growth of the native heap
# Possible solutions:
#   Reduce memory load on the system
#   Increase physical memory or swap space
#   Check if swap backing store is full
#   Decrease Java heap size (-Xmx/-Xms)
#   Decrease number of Java threads
#   Decrease Java thread stack sizes (-Xss)
#   Set larger code cache with -XX:ReservedCodeCacheSize=
#   JVM is running with Zero Based Compressed Oops mode in which the Java heap is
#     placed in the first 32GB address space. The Java Heap base address is the
#     maximum limit for the native heap growth. Please use -XX:HeapBaseMinAddress
#     to set the Java Heap base and to place the Java Heap above 32GB virtual address.
# This output file may be truncated or incomplete.
#
#  Out of Memory Error (os_windows.cpp:3825), pid=14728, tid=16876
#
# JRE version:  (17.0.11) (build )
# Java VM: OpenJDK 64-Bit Server VM (17.0.11+0--11852314, mixed mode, sharing, tiered, compressed oops, compressed class ptrs, g1 gc, windows-amd64)
# No core dump will be written. Minidumps are not enabled by default on client versions of Windows
#

---------------  S U M M A R Y ------------

Command Line: org.jetbrains.kotlin.cli.jvm.K2JVMCompiler @C:\Users\Abdelrahman\AndroidStudioProjects\JobSearchApplication (my project)\app\build\20250430_13189732803126995191.compiler.options

Host: Intel(R) Core(TM) i7-9850H CPU @ 2.60GHz, 12 cores, 15G,  Windows 10 , 64 bit Build 19041 (10.0.19041.5678)
Time: Wed Apr 30 21:30:04 2025 Egypt Daylight Time elapsed time: 0.008436 seconds (0d 0h 0m 0s)

---------------  T H R E A D  ---------------

Current thread (0x000002360f2448c0):  JavaThread "Unknown thread" [_thread_in_vm, id=16876, stack(0x000000dabb900000,0x000000dabba00000)]

Stack: [0x000000dabb900000,0x000000dabba00000]
Native frames: (J=compiled Java code, j=interpreted, Vv=VM code, C=native code)
V  [jvm.dll+0x687bb9]
V  [jvm.dll+0x84142a]
V  [jvm.dll+0x8430ae]
V  [jvm.dll+0x843713]
V  [jvm.dll+0x24a35f]
V  [jvm.dll+0x684989]
V  [jvm.dll+0x67923a]
V  [jvm.dll+0x30af0b]
V  [jvm.dll+0x3123b6]
V  [jvm.dll+0x361dfe]
V  [jvm.dll+0x36202f]
V  [jvm.dll+0x2e0d38]
V  [jvm.dll+0x2e1ca4]
V  [jvm.dll+0x811f21]
V  [jvm.dll+0x36fb68]
V  [jvm.dll+0x7f0896]
V  [jvm.dll+0x3f3d2f]
V  [jvm.dll+0x3f58e1]
C  [jli.dll+0x528f]
C  [ucrtbase.dll+0x21bb2]
C  [KERNEL32.DLL+0x17374]
C  [ntdll.dll+0x4cc91]


---------------  P R O C E S S  ---------------

Threads class SMR info:
_java_thread_list=0x00007ff878baefd8, length=0, elements={
}

Java Threads: ( => current thread )

Other Threads:
  0x000002360f2b0130 GCTaskThread "GC Thread#0" [stack: 0x000000dabba00000,0x000000dabbb00000] [id=10152]
  0x000002360f2c0c80 ConcurrentGCThread "G1 Main Marker" [stack: 0x000000dabbb00000,0x000000dabbc00000] [id=13488]
  0x000002360f2c1d40 ConcurrentGCThread "G1 Conc#0" [stack: 0x000000dabbc00000,0x000000dabbd00000] [id=8772]

[error occurred during error reporting (printing all threads), id 0xc0000005, EXCEPTION_ACCESS_VIOLATION (0xc0000005) at pc=0x00007ff878361907]

VM state: not at safepoint (not fully initialized)

VM Mutex/Monitor currently owned by a thread:  ([mutex/lock_event])
[0x000002360f240410] Heap_lock - owner thread: 0x000002360f2448c0

Heap address: 0x0000000703000000, size: 4048 MB, Compressed Oops mode: Zero based, Oop shift amount: 3

CDS archive(s) mapped at: [0x0000000000000000-0x0000000000000000-0x0000000000000000), size 0, SharedBaseAddress: 0x0000000800000000, ArchiveRelocationMode: 1.
Narrow klass base: 0x0000000000000000, Narrow klass shift: 0, Narrow klass range: 0x0

GC Precious Log:
<Empty>

Heap:
 garbage-first heap   total 0K, used 0K [0x0000000703000000, 0x0000000800000000)
  region size 2048K, 0 young (0K), 0 survivors (0K)
 Metaspace       used 0K, committed 0K, reserved 0K
  class space    used 0K, committed 0K, reserved 0K

Heap Regions: E=young(eden), S=young(survivor), O=old, HS=humongous(starts), HC=humongous(continues), CS=collection set, F=free, OA=open archive, CA=closed archive, TAMS=top-at-mark-start (previous, next)

Card table byte_map: [0x0000023622460000,0x0000023622c50000] _byte_map_base: 0x000002361ec48000

Marking Bits (Prev, Next): (CMBitMap*) 0x000002360f2b0650, (CMBitMap*) 0x000002360f2b0690
 Prev Bits: [0x0000023623440000, 0x0000023627380000)
 Next Bits: [0x0000023627380000, 0x000002362b2c0000)

GC Heap History (0 events):
No events

Dll operation events (1 events):
Event: 0.005 Loaded shared library C:\Program Files\Android\Android Studio\jbr\bin\java.dll

Deoptimization events (0 events):
No events

Classes unloaded (0 events):
No events

Classes redefined (0 events):
No events

Internal exceptions (0 events):
No events

VM Operations (0 events):
No events

Events (0 events):
No events


Dynamic libraries:
0x00007ff784000000 - 0x00007ff78400a000 	C:\Program Files\Android\Android Studio\jbr\bin\java.exe
0x00007ff8da6f0000 - 0x00007ff8da8e8000 	C:\Windows\SYSTEM32\ntdll.dll
0x00007ff8da2d0000 - 0x00007ff8da392000 	C:\Windows\System32\KERNEL32.DLL
0x00007ff8d8160000 - 0x00007ff8d8456000 	C:\Windows\System32\KERNELBASE.dll
0x00007ff8d7fd0000 - 0x00007ff8d80d0000 	C:\Windows\System32\ucrtbase.dll
0x00007ff8b5010000 - 0x00007ff8b502b000 	C:\Program Files\Android\Android Studio\jbr\bin\VCRUNTIME140.dll
0x00007ff8b1730000 - 0x00007ff8b1747000 	C:\Program Files\Android\Android Studio\jbr\bin\jli.dll
0x00007ff8da510000 - 0x00007ff8da6ad000 	C:\Windows\System32\USER32.dll
0x00007ff8bc520000 - 0x00007ff8bc7ba000 	C:\Windows\WinSxS\amd64_microsoft.windows.common-controls_6595b64144ccf1df_6.0.19041.4355_none_60b8b9eb71f62e16\COMCTL32.dll
0x00007ff8d94c0000 - 0x00007ff8d955e000 	C:\Windows\System32\msvcrt.dll
0x00007ff8d84b0000 - 0x00007ff8d84d2000 	C:\Windows\System32\win32u.dll
0x00007ff8d88c0000 - 0x00007ff8d88eb000 	C:\Windows\System32\GDI32.dll
0x00007ff8d7d80000 - 0x00007ff8d7e9a000 	C:\Windows\System32\gdi32full.dll
0x00007ff8d84e0000 - 0x00007ff8d857d000 	C:\Windows\System32\msvcp_win.dll
0x00007ff8d8de0000 - 0x00007ff8d8e0f000 	C:\Windows\System32\IMM32.DLL
0x00007ff8d4510000 - 0x00007ff8d451c000 	C:\Program Files\Android\Android Studio\jbr\bin\vcruntime140_1.dll
0x00007ff894b90000 - 0x00007ff894c1d000 	C:\Program Files\Android\Android Studio\jbr\bin\msvcp140.dll
0x00007ff878070000 - 0x00007ff878cf3000 	C:\Program Files\Android\Android Studio\jbr\bin\server\jvm.dll
0x00007ff8d8cd0000 - 0x00007ff8d8d7f000 	C:\Windows\System32\ADVAPI32.dll
0x00007ff8da450000 - 0x00007ff8da4ef000 	C:\Windows\System32\sechost.dll
0x00007ff8d9db0000 - 0x00007ff8d9ed3000 	C:\Windows\System32\RPCRT4.dll
0x00007ff8d8580000 - 0x00007ff8d85a7000 	C:\Windows\System32\bcrypt.dll
0x00007ff8d7300000 - 0x00007ff8d734b000 	C:\Windows\SYSTEM32\POWRPROF.dll
0x00007ff8c19e0000 - 0x00007ff8c1a07000 	C:\Windows\SYSTEM32\WINMM.dll
0x00007ff8d0290000 - 0x00007ff8d0299000 	C:\Windows\SYSTEM32\WSOCK32.dll
0x00007ff8d21f0000 - 0x00007ff8d21fa000 	C:\Windows\SYSTEM32\VERSION.dll
0x00007ff8d9d40000 - 0x00007ff8d9dab000 	C:\Windows\System32\WS2_32.dll
0x00007ff8d7180000 - 0x00007ff8d7192000 	C:\Windows\SYSTEM32\UMPDC.dll
0x00007ff8d5c00000 - 0x00007ff8d5c12000 	C:\Windows\SYSTEM32\kernel.appcore.dll
0x00007ff8be7e0000 - 0x00007ff8be7ea000 	C:\Program Files\Android\Android Studio\jbr\bin\jimage.dll
0x00007ff8c10a0000 - 0x00007ff8c1284000 	C:\Windows\SYSTEM32\DBGHELP.DLL
0x00007ff8acf20000 - 0x00007ff8acf54000 	C:\Windows\SYSTEM32\dbgcore.DLL
0x00007ff8d80d0000 - 0x00007ff8d8152000 	C:\Windows\System32\bcryptPrimitives.dll
0x00007ff8b1940000 - 0x00007ff8b1965000 	C:\Program Files\Android\Android Studio\jbr\bin\java.dll

dbghelp: loaded successfully - version: 4.0.5 - missing functions: none
symbol engine: initialized successfully - sym options: 0x614 - pdb path: .;C:\Program Files\Android\Android Studio\jbr\bin;C:\Windows\SYSTEM32;C:\Windows\WinSxS\amd64_microsoft.windows.common-controls_6595b64144ccf1df_6.0.19041.4355_none_60b8b9eb71f62e16;C:\Program Files\Android\Android Studio\jbr\bin\server

VM Arguments:
java_command: org.jetbrains.kotlin.cli.jvm.K2JVMCompiler @C:\Users\Abdelrahman\AndroidStudioProjects\JobSearchApplication (my project)\app\build\20250430_13189732803126995191.compiler.options
java_class_path (initial): C:\Users\Abdelrahman\.gradle\caches\modules-2\files-2.1\org.jetbrains.kotlin\kotlin-compiler-embeddable\2.1.0\988bf980588bbbcfa1ba19c1ffd7aa869b335a31\kotlin-compiler-embeddable-2.1.0.jar;C:\Users\Abdelrahman\.gradle\caches\modules-2\files-2.1\org.jetbrains.kotlin\kotlin-stdlib\2.1.0\85f8b81009cda5890e54ba67d64b5e599c645020\kotlin-stdlib-2.1.0.jar;C:\Users\Abdelrahman\.gradle\caches\modules-2\files-2.1\org.jetbrains.kotlin\kotlin-script-runtime\2.1.0\5909da8c57b75a117714ab0e348c86101b7a3284\kotlin-script-runtime-2.1.0.jar;C:\Users\Abdelrahman\.gradle\caches\modules-2\files-2.1\org.jetbrains.kotlin\kotlin-reflect\1.6.10\1cbe9c92c12a94eea200d23c2bbaedaf3daf5132\kotlin-reflect-1.6.10.jar;C:\Users\Abdelrahman\.gradle\caches\modules-2\files-2.1\org.jetbrains.kotlin\kotlin-daemon-embeddable\2.1.0\420bae1908e4a353f5b56c3c850d24d86367b25d\kotlin-daemon-embeddable-2.1.0.jar;C:\Users\Abdelrahman\.gradle\caches\modules-2\files-2.1\org.jetbrains.intellij.deps\trove4j\1.0.20200330\3afb14d5f9ceb459d724e907a21145e8ff394f02\trove4j-1.0.20200330.jar;C:\Users\Abdelrahman\.gradle\caches\modules-2\files-2.1\org.jetbrains.kotlinx\kotlinx-coroutines-core-jvm\1.6.4\2c997cd1c0ef33f3e751d3831929aeff1390cb30\kotlinx-coroutines-core-jvm-1.6.4.jar;C:\Users\Abdelrahman\.gradle\caches\modules-2\files-2.1\org.jetbrains\annotations\13.0\919f0dfe192fb4e063e7dacadee7f8bb9a2672a9\annotations-13.0.jar
Launcher Type: SUN_STANDARD

[Global flags]
     intx CICompilerCount                          = 4                                         {product} {ergonomic}
     uint ConcGCThreads                            = 3                                         {product} {ergonomic}
     uint G1ConcRefinementThreads                  = 10                                        {product} {ergonomic}
   size_t G1HeapRegionSize                         = 2097152                                   {product} {ergonomic}
    uintx GCDrainStackTargetSize                   = 64                                        {product} {ergonomic}
   size_t InitialHeapSize                          = 266338304                                 {product} {ergonomic}
   size_t MarkStackSize                            = 4194304                                   {product} {ergonomic}
   size_t MaxHeapSize                              = 4244635648                                {product} {ergonomic}
   size_t MinHeapDeltaBytes                        = 2097152                                   {product} {ergonomic}
   size_t MinHeapSize                              = 8388608                                   {product} {ergonomic}
    uintx NonNMethodCodeHeapSize                   = 5839372                                {pd product} {ergonomic}
    uintx NonProfiledCodeHeapSize                  = 122909434                              {pd product} {ergonomic}
    uintx ProfiledCodeHeapSize                     = 122909434                              {pd product} {ergonomic}
    uintx ReservedCodeCacheSize                    = 251658240                              {pd product} {ergonomic}
     bool SegmentedCodeCache                       = true                                      {product} {ergonomic}
   size_t SoftMaxHeapSize                          = 4244635648                             {manageable} {ergonomic}
     bool UseCompressedClassPointers               = true                           {product lp64_product} {ergonomic}
     bool UseCompressedOops                        = true                           {product lp64_product} {ergonomic}
     bool UseG1GC                                  = true                                      {product} {ergonomic}
     bool UseLargePagesIndividualAllocation        = false                                  {pd product} {ergonomic}

Logging:
Log output configuration:
 #0: stdout all=warning uptime,level,tags
 #1: stderr all=off uptime,level,tags

Environment Variables:
JAVA_HOME=C:\Program Files\Java\jdk-23
PATH=C:\Program Files\Common Files\Oracle\Java\javapath;C:\Program Files (x86)\NVIDIA Corporation\PhysX\Common;C:\Windows\system32;C:\Windows;C:\Windows\System32\Wbem;C:\Windows\System32\WindowsPowerShell\v1.0\;C:\Windows\System32\OpenSSH\;C:\Program Files\Git\cmd;C:\Program Files\Java\jdk-23\bin;E:\MSOffice2021;C:\Users\Abdelrahman\AppData\Local\Programs\Python\Python313;C:\Users\Abdelrahman\AppData\Local\Programs\Python\Python313\Scripts;C:\Program Files (x86)\Microsoft SQL Server\160\Tools\Binn\;C:\Program Files\Microsoft SQL Server\160\Tools\Binn\;C:\Program Files\Microsoft SQL Server\Client SDK\ODBC\170\Tools\Binn\;C:\Program Files\Microsoft SQL Server\160\DTS\Binn\;C:\Program Files (x86)\Microsoft SQL Server\160\DTS\Binn\;C:\Users\Abdelrahman\AppData\Local\Programs\Python\Launcher\;C:\Users\Abdelrahman\AppData\Local\Microsoft\WindowsApps;C:\Users\Abdelrahman\AppData\Local\Programs\Microsoft VS Code\bin;C:\src\flutter\bin
USERNAME=Abdelrahman
OS=Windows_NT
PROCESSOR_IDENTIFIER=Intel64 Family 6 Model 158 Stepping 13, GenuineIntel
TMP=C:\Users\ABDELR~1\AppData\Local\Temp
TEMP=C:\Users\ABDELR~1\AppData\Local\Temp



Periodic native trim disabled

JNI global refs:
JNI global refs: 0, weak refs: 0

JNI global refs memory usage: 0, weak refs: 0

Process memory usage:
Resident Set Size: 10940K (0% of 16579748K total physical memory with 272684K free physical memory)

OOME stack traces (most recent first):
Classloader memory used:


---------------  S Y S T E M  ---------------

OS:
 Windows 10 , 64 bit Build 19041 (10.0.19041.5678)
OS uptime: 0 days 9:58 hours

CPU: total 12 (initial active 12) (6 cores per cpu, 2 threads per core) family 6 model 158 stepping 13 microcode 0xfa, cx8, cmov, fxsr, ht, mmx, 3dnowpref, sse, sse2, sse3, ssse3, sse4.1, sse4.2, popcnt, lzcnt, tsc, tscinvbit, avx, avx2, aes, erms, clmul, bmi1, bmi2, adx, fma, vzeroupper, clflush, clflushopt
Processor Information for all 12 processors :
  Max Mhz: 2592, Current Mhz: 2592, Mhz Limit: 2592

Memory: 4k page, system-wide physical 16191M (265M free)
TotalPageFile size 16191M (AvailPageFile size 167M)
current process WorkingSet (physical memory assigned to process): 10M, peak: 10M
current process commit charge ("private bytes"): 64M, peak: 318M

vm_info: OpenJDK 64-Bit Server VM (17.0.11+0--11852314) for windows-amd64 JRE (17.0.11+0--11852314), built on May 16 2024 21:29:20 by "androidbuild" with MS VC++ 16.10 / 16.11 (VS2019)

END.
