#
# There is insufficient memory for the Java Runtime Environment to continue.
# Native memory allocation (malloc) failed to allocate 1404848 bytes. Error detail: Chunk::new
# Possible reasons:
#   The system is out of physical RAM or swap space
#   This process is running with CompressedOops enabled, and the Java Heap may be blocking the growth of the native heap
# Possible solutions:
#   Reduce memory load on the system
#   Increase physical memory or swap space
#   Check if swap backing store is full
#   Decrease Java heap size (-Xmx/-Xms)
#   Decrease number of Java threads
#   Decrease Java thread stack sizes (-Xss)
#   Set larger code cache with -XX:ReservedCodeCacheSize=
#   JVM is running with Zero Based Compressed Oops mode in which the Java heap is
#     placed in the first 32GB address space. The Java Heap base address is the
#     maximum limit for the native heap growth. Please use -XX:HeapBaseMinAddress
#     to set the Java Heap base and to place the Java Heap above 32GB virtual address.
# This output file may be truncated or incomplete.
#
#  Out of Memory Error (arena.cpp:191), pid=13572, tid=1584
#
# JRE version: OpenJDK Runtime Environment (17.0.11) (build 17.0.11+0--11852314)
# Java VM: OpenJDK 64-Bit Server VM (17.0.11+0--11852314, mixed mode, tiered, compressed oops, compressed class ptrs, g1 gc, windows-amd64)
# No core dump will be written. Minidumps are not enabled by default on client versions of Windows
#

---------------  S U M M A R Y ------------

Command Line: org.jetbrains.kotlin.cli.jvm.K2JVMCompiler @C:\Users\Abdelrahman\AndroidStudioProjects\JobSearchApplication (my project)\app\build\20250423_11209140624265192223.compiler.options

Host: Intel(R) Core(TM) i7-9850H CPU @ 2.60GHz, 12 cores, 15G,  Windows 10 , 64 bit Build 19041 (10.0.19041.5438)
Time: Wed Apr 23 23:16:55 2025 Egypt Standard Time elapsed time: 35.275541 seconds (0d 0h 0m 35s)

---------------  T H R E A D  ---------------

Current thread (0x000002c1e0b457e0):  JavaThread "C2 CompilerThread0" daemon [_thread_in_native, id=1584, stack(0x000000fe1bb00000,0x000000fe1bc00000)]


Current CompileTask:
C2:  35275 20447       4       org.jetbrains.kotlin.types.AbstractTypeMapper::mapType (568 bytes)

Stack: [0x000000fe1bb00000,0x000000fe1bc00000]
Native frames: (J=compiled Java code, j=interpreted, Vv=VM code, C=native code)
V  [jvm.dll+0x687bb9]
V  [jvm.dll+0x84142a]
V  [jvm.dll+0x8430ae]
V  [jvm.dll+0x843713]
V  [jvm.dll+0x24a35f]
V  [jvm.dll+0xac544]
V  [jvm.dll+0xacb8c]
V  [jvm.dll+0x369c37]
V  [jvm.dll+0x1be126]
V  [jvm.dll+0x21c029]
V  [jvm.dll+0x21b311]
V  [jvm.dll+0x1a63ed]
V  [jvm.dll+0x22b1ee]
V  [jvm.dll+0x229375]
V  [jvm.dll+0x7f5647]
V  [jvm.dll+0x7efa4a]
V  [jvm.dll+0x686a35]
C  [ucrtbase.dll+0x21bb2]
C  [KERNEL32.DLL+0x17374]
C  [ntdll.dll+0x4cc91]


---------------  P R O C E S S  ---------------

Threads class SMR info:
_java_thread_list=0x000002c1e871c5c0, length=13, elements={
0x000002c1c1c402b0, 0x000002c1e0af5da0, 0x000002c1e0af6c70, 0x000002c1e0b02ff0,
0x000002c1e096d4e0, 0x000002c1e096ddb0, 0x000002c1e096e680, 0x000002c1e0b457e0,
0x000002c1e0b481b0, 0x000002c1e0b48ac0, 0x000002c1e0cd42d0, 0x000002c1e0cd4a50,
0x000002c1e6632a50
}

Java Threads: ( => current thread )
  0x000002c1c1c402b0 JavaThread "main" [_thread_blocked, id=11344, stack(0x000000fe1ae00000,0x000000fe1af00000)]
  0x000002c1e0af5da0 JavaThread "Reference Handler" daemon [_thread_blocked, id=13580, stack(0x000000fe1b500000,0x000000fe1b600000)]
  0x000002c1e0af6c70 JavaThread "Finalizer" daemon [_thread_blocked, id=3564, stack(0x000000fe1b600000,0x000000fe1b700000)]
  0x000002c1e0b02ff0 JavaThread "Signal Dispatcher" daemon [_thread_blocked, id=4196, stack(0x000000fe1b700000,0x000000fe1b800000)]
  0x000002c1e096d4e0 JavaThread "Attach Listener" daemon [_thread_blocked, id=12364, stack(0x000000fe1b800000,0x000000fe1b900000)]
  0x000002c1e096ddb0 JavaThread "Service Thread" daemon [_thread_blocked, id=11688, stack(0x000000fe1b900000,0x000000fe1ba00000)]
  0x000002c1e096e680 JavaThread "Monitor Deflation Thread" daemon [_thread_blocked, id=11608, stack(0x000000fe1ba00000,0x000000fe1bb00000)]
=>0x000002c1e0b457e0 JavaThread "C2 CompilerThread0" daemon [_thread_in_native, id=1584, stack(0x000000fe1bb00000,0x000000fe1bc00000)]
  0x000002c1e0b481b0 JavaThread "C1 CompilerThread0" daemon [_thread_blocked, id=13068, stack(0x000000fe1bc00000,0x000000fe1bd00000)]
  0x000002c1e0b48ac0 JavaThread "Sweeper thread" daemon [_thread_blocked, id=11708, stack(0x000000fe1bd00000,0x000000fe1be00000)]
  0x000002c1e0cd42d0 JavaThread "Notification Thread" daemon [_thread_blocked, id=11260, stack(0x000000fe1be00000,0x000000fe1bf00000)]
  0x000002c1e0cd4a50 JavaThread "Common-Cleaner" daemon [_thread_blocked, id=10036, stack(0x000000fe1c000000,0x000000fe1c100000)]
  0x000002c1e6632a50 JavaThread "C2 CompilerThread1" daemon [_thread_in_native, id=11460, stack(0x000000fe1c100000,0x000000fe1c200000)]

Other Threads:
  0x000002c1e09699e0 VMThread "VM Thread" [stack: 0x000000fe1b400000,0x000000fe1b500000] [id=10424]
  0x000002c1e0cd47b0 WatcherThread [stack: 0x000000fe1bf00000,0x000000fe1c000000] [id=5696]
  0x000002c1c1ca9d90 GCTaskThread "GC Thread#0" [stack: 0x000000fe1af00000,0x000000fe1b000000] [id=8156]
  0x000002c1e52b9320 GCTaskThread "GC Thread#1" [stack: 0x000000fe1c200000,0x000000fe1c300000] [id=14192]
  0x000002c1e52b98a0 GCTaskThread "GC Thread#2" [stack: 0x000000fe1c300000,0x000000fe1c400000] [id=9716]
  0x000002c1e52ba920 GCTaskThread "GC Thread#3" [stack: 0x000000fe1c400000,0x000000fe1c500000] [id=3176]
  0x000002c1e52b95e0 GCTaskThread "GC Thread#4" [stack: 0x000000fe1c500000,0x000000fe1c600000] [id=10540]
  0x000002c1e52b9b60 GCTaskThread "GC Thread#5" [stack: 0x000000fe1c600000,0x000000fe1c700000] [id=12380]
  0x000002c1e52b9060 GCTaskThread "GC Thread#6" [stack: 0x000000fe1c700000,0x000000fe1c800000] [id=7828]
  0x000002c1e52ba3a0 GCTaskThread "GC Thread#7" [stack: 0x000000fe1c800000,0x000000fe1c900000] [id=5924]
  0x000002c1e52ba660 GCTaskThread "GC Thread#8" [stack: 0x000000fe1c900000,0x000000fe1ca00000] [id=11780]
  0x000002c1e52babe0 GCTaskThread "GC Thread#9" [stack: 0x000000fe1ca00000,0x000000fe1cb00000] [id=1320]
  0x000002c1c1cbc910 ConcurrentGCThread "G1 Main Marker" [stack: 0x000000fe1b000000,0x000000fe1b100000] [id=12292]
  0x000002c1c1cbd240 ConcurrentGCThread "G1 Conc#0" [stack: 0x000000fe1b100000,0x000000fe1b200000] [id=3712]
  0x000002c1e59b2330 ConcurrentGCThread "G1 Conc#1" [stack: 0x000000fe1cb00000,0x000000fe1cc00000] [id=10268]
  0x000002c1e59b28b0 ConcurrentGCThread "G1 Conc#2" [stack: 0x000000fe1cc00000,0x000000fe1cd00000] [id=5440]
  0x000002c1c1cfeb90 ConcurrentGCThread "G1 Refine#0" [stack: 0x000000fe1b200000,0x000000fe1b300000] [id=3960]
  0x000002c1e7205f40 ConcurrentGCThread "G1 Refine#1" [stack: 0x000000fe1ce00000,0x000000fe1cf00000] [id=1740]
  0x000002c1e7208570 ConcurrentGCThread "G1 Refine#2" [stack: 0x000000fe1cf00000,0x000000fe1d000000] [id=7056]
  0x000002c1e7206b00 ConcurrentGCThread "G1 Refine#3" [stack: 0x000000fe1d000000,0x000000fe1d100000] [id=14124]
  0x000002c1e9a36fa0 ConcurrentGCThread "G1 Refine#4" [stack: 0x000000fe1d100000,0x000000fe1d200000] [id=15396]
  0x000002c1e6a59360 ConcurrentGCThread "G1 Refine#5" [stack: 0x000000fe1d200000,0x000000fe1d300000] [id=15440]
  0x000002c1e6a587a0 ConcurrentGCThread "G1 Refine#6" [stack: 0x000000fe1d300000,0x000000fe1d400000] [id=15444]
  0x000002c1e6a59940 ConcurrentGCThread "G1 Refine#7" [stack: 0x000000fe1d400000,0x000000fe1d500000] [id=15448]
  0x000002c1e08126c0 ConcurrentGCThread "G1 Service" [stack: 0x000000fe1b300000,0x000000fe1b400000] [id=13296]

Threads with active compile tasks:
C2 CompilerThread0    35305 20447       4       org.jetbrains.kotlin.types.AbstractTypeMapper::mapType (568 bytes)
C2 CompilerThread1    35305 20485       4       org.jetbrains.kotlin.load.kotlin.TypeSignatureMappingKt::mapBuiltInType (339 bytes)

VM state: at safepoint (normal execution)

VM Mutex/Monitor currently owned by a thread:  ([mutex/lock_event])
[0x000002c1c1c3b8a0] Threads_lock - owner thread: 0x000002c1e09699e0
[0x000002c1c1c3a6a0] Heap_lock - owner thread: 0x000002c1c1cbc910

Heap address: 0x0000000703000000, size: 4048 MB, Compressed Oops mode: Zero based, Oop shift amount: 3

CDS archive(s) not mapped
Compressed class space mapped at: 0x0000000800000000-0x0000000840000000, reserved size: 1073741824
Narrow klass base: 0x0000000800000000, Narrow klass shift: 0, Narrow klass range: 0x40000000

GC Precious Log:
 CPUs: 12 total, 12 available
 Memory: 16191M
 Large Page Support: Disabled
 NUMA Support: Disabled
 Compressed Oops: Enabled (Zero based)
 Heap Region Size: 2M
 Heap Min Capacity: 8M
 Heap Initial Capacity: 254M
 Heap Max Capacity: 4048M
 Pre-touch: Disabled
 Parallel Workers: 10
 Concurrent Workers: 3
 Concurrent Refinement Workers: 10
 Periodic GC: Disabled

Heap:
 garbage-first heap   total 282624K, used 142961K [0x0000000703000000, 0x0000000800000000)
  region size 2048K, 6 young (12288K), 3 survivors (6144K)
 Metaspace       used 92064K, committed 92480K, reserved 1179648K
  class space    used 9886K, committed 10112K, reserved 1048576K

Heap Regions: E=young(eden), S=young(survivor), O=old, HS=humongous(starts), HC=humongous(continues), CS=collection set, F=free, OA=open archive, CA=closed archive, TAMS=top-at-mark-start (previous, next)
|   0|0x0000000703000000, 0x0000000703200000, 0x0000000703200000|100%|HS|  |TAMS 0x0000000703200000, 0x0000000703200000| Complete 
|   1|0x0000000703200000, 0x0000000703400000, 0x0000000703400000|100%|HC|  |TAMS 0x0000000703400000, 0x0000000703400000| Complete 
|   2|0x0000000703400000, 0x0000000703600000, 0x0000000703600000|100%| O|  |TAMS 0x0000000703600000, 0x0000000703600000| Untracked 
|   3|0x0000000703600000, 0x0000000703800000, 0x0000000703800000|100%| O|  |TAMS 0x0000000703800000, 0x0000000703800000| Untracked 
|   4|0x0000000703800000, 0x0000000703a00000, 0x0000000703a00000|100%| O|  |TAMS 0x0000000703800000, 0x0000000703a00000| Untracked 
|   5|0x0000000703a00000, 0x0000000703c00000, 0x0000000703c00000|100%| O|  |TAMS 0x0000000703c00000, 0x0000000703c00000| Untracked 
|   6|0x0000000703c00000, 0x0000000703e00000, 0x0000000703e00000|100%| O|  |TAMS 0x0000000703e00000, 0x0000000703e00000| Untracked 
|   7|0x0000000703e00000, 0x0000000704000000, 0x0000000704000000|100%| O|  |TAMS 0x0000000704000000, 0x0000000704000000| Untracked 
|   8|0x0000000704000000, 0x0000000704200000, 0x0000000704200000|100%| O|  |TAMS 0x0000000704200000, 0x0000000704200000| Untracked 
|   9|0x0000000704200000, 0x0000000704400000, 0x0000000704400000|100%| O|  |TAMS 0x0000000704400000, 0x0000000704400000| Untracked 
|  10|0x0000000704400000, 0x0000000704600000, 0x0000000704600000|100%|HS|  |TAMS 0x0000000704600000, 0x0000000704600000| Complete 
|  11|0x0000000704600000, 0x0000000704800000, 0x0000000704800000|100%| O|  |TAMS 0x0000000704800000, 0x0000000704800000| Untracked 
|  12|0x0000000704800000, 0x0000000704a00000, 0x0000000704a00000|100%| O|  |TAMS 0x0000000704a00000, 0x0000000704a00000| Untracked 
|  13|0x0000000704a00000, 0x0000000704c00000, 0x0000000704c00000|100%| O|  |TAMS 0x0000000704c00000, 0x0000000704c00000| Untracked 
|  14|0x0000000704c00000, 0x0000000704e00000, 0x0000000704e00000|100%| O|  |TAMS 0x0000000704e00000, 0x0000000704e00000| Untracked 
|  15|0x0000000704e00000, 0x0000000705000000, 0x0000000705000000|100%| O|  |TAMS 0x0000000705000000, 0x0000000705000000| Untracked 
|  16|0x0000000705000000, 0x0000000705200000, 0x0000000705200000|100%| O|  |TAMS 0x0000000705200000, 0x0000000705200000| Untracked 
|  17|0x0000000705200000, 0x0000000705400000, 0x0000000705400000|100%| O|  |TAMS 0x0000000705400000, 0x0000000705400000| Untracked 
|  18|0x0000000705400000, 0x0000000705600000, 0x0000000705600000|100%| O|  |TAMS 0x0000000705400000, 0x0000000705600000| Untracked 
|  19|0x0000000705600000, 0x0000000705800000, 0x0000000705800000|100%| O|  |TAMS 0x0000000705800000, 0x0000000705800000| Untracked 
|  20|0x0000000705800000, 0x0000000705a00000, 0x0000000705a00000|100%| O|  |TAMS 0x0000000705a00000, 0x0000000705a00000| Untracked 
|  21|0x0000000705a00000, 0x0000000705c00000, 0x0000000705c00000|100%| O|  |TAMS 0x0000000705c00000, 0x0000000705c00000| Untracked 
|  22|0x0000000705c00000, 0x0000000705e00000, 0x0000000705e00000|100%| O|  |TAMS 0x0000000705e00000, 0x0000000705e00000| Untracked 
|  23|0x0000000705e00000, 0x0000000706000000, 0x0000000706000000|100%| O|  |TAMS 0x0000000706000000, 0x0000000706000000| Untracked 
|  24|0x0000000706000000, 0x0000000706200000, 0x0000000706200000|100%| O|  |TAMS 0x0000000706200000, 0x0000000706200000| Untracked 
|  25|0x0000000706200000, 0x0000000706400000, 0x0000000706400000|100%| O|  |TAMS 0x0000000706400000, 0x0000000706400000| Untracked 
|  26|0x0000000706400000, 0x0000000706600000, 0x0000000706600000|100%| O|  |TAMS 0x0000000706600000, 0x0000000706600000| Untracked 
|  27|0x0000000706600000, 0x0000000706800000, 0x0000000706800000|100%| O|  |TAMS 0x0000000706800000, 0x0000000706800000| Untracked 
|  28|0x0000000706800000, 0x0000000706a00000, 0x0000000706a00000|100%| O|  |TAMS 0x0000000706a00000, 0x0000000706a00000| Untracked 
|  29|0x0000000706a00000, 0x0000000706c00000, 0x0000000706c00000|100%| O|  |TAMS 0x0000000706c00000, 0x0000000706c00000| Untracked 
|  30|0x0000000706c00000, 0x0000000706e00000, 0x0000000706e00000|100%| O|  |TAMS 0x0000000706e00000, 0x0000000706e00000| Untracked 
|  31|0x0000000706e00000, 0x0000000707000000, 0x0000000707000000|100%| O|  |TAMS 0x0000000707000000, 0x0000000707000000| Untracked 
|  32|0x0000000707000000, 0x0000000707200000, 0x0000000707200000|100%| O|  |TAMS 0x0000000707200000, 0x0000000707200000| Untracked 
|  33|0x0000000707200000, 0x0000000707400000, 0x0000000707400000|100%| O|  |TAMS 0x0000000707400000, 0x0000000707400000| Untracked 
|  34|0x0000000707400000, 0x0000000707600000, 0x0000000707600000|100%| O|  |TAMS 0x0000000707600000, 0x0000000707600000| Untracked 
|  35|0x0000000707600000, 0x0000000707800000, 0x0000000707800000|100%| O|  |TAMS 0x0000000707800000, 0x0000000707800000| Untracked 
|  36|0x0000000707800000, 0x0000000707a00000, 0x0000000707a00000|100%| O|  |TAMS 0x0000000707a00000, 0x0000000707a00000| Untracked 
|  37|0x0000000707a00000, 0x0000000707c00000, 0x0000000707c00000|100%| O|  |TAMS 0x0000000707c00000, 0x0000000707c00000| Untracked 
|  38|0x0000000707c00000, 0x0000000707e00000, 0x0000000707e00000|100%| O|  |TAMS 0x0000000707e00000, 0x0000000707e00000| Untracked 
|  39|0x0000000707e00000, 0x0000000708000000, 0x0000000708000000|100%| O|  |TAMS 0x0000000708000000, 0x0000000708000000| Untracked 
|  40|0x0000000708000000, 0x0000000708200000, 0x0000000708200000|100%| O|  |TAMS 0x0000000708200000, 0x0000000708200000| Untracked 
|  41|0x0000000708200000, 0x0000000708400000, 0x0000000708400000|100%| O|  |TAMS 0x0000000708400000, 0x0000000708400000| Untracked 
|  42|0x0000000708400000, 0x0000000708600000, 0x0000000708600000|100%| O|  |TAMS 0x0000000708600000, 0x0000000708600000| Untracked 
|  43|0x0000000708600000, 0x0000000708800000, 0x0000000708800000|100%| O|  |TAMS 0x0000000708800000, 0x0000000708800000| Untracked 
|  44|0x0000000708800000, 0x0000000708a00000, 0x0000000708a00000|100%| O|  |TAMS 0x0000000708a00000, 0x0000000708a00000| Untracked 
|  45|0x0000000708a00000, 0x0000000708c00000, 0x0000000708c00000|100%| O|  |TAMS 0x0000000708c00000, 0x0000000708c00000| Untracked 
|  46|0x0000000708c00000, 0x0000000708e00000, 0x0000000708e00000|100%| O|  |TAMS 0x0000000708e00000, 0x0000000708e00000| Untracked 
|  47|0x0000000708e00000, 0x0000000709000000, 0x0000000709000000|100%| O|  |TAMS 0x0000000709000000, 0x0000000709000000| Untracked 
|  48|0x0000000709000000, 0x0000000709200000, 0x0000000709200000|100%| O|  |TAMS 0x0000000709200000, 0x0000000709200000| Untracked 
|  49|0x0000000709200000, 0x0000000709200000, 0x0000000709400000|  0%| F|  |TAMS 0x0000000709200000, 0x0000000709200000| Untracked 
|  50|0x0000000709400000, 0x0000000709400000, 0x0000000709600000|  0%| F|  |TAMS 0x0000000709400000, 0x0000000709400000| Untracked 
|  51|0x0000000709600000, 0x0000000709800000, 0x0000000709800000|100%| O|  |TAMS 0x0000000709800000, 0x0000000709800000| Untracked 
|  52|0x0000000709800000, 0x0000000709a00000, 0x0000000709a00000|100%| O|  |TAMS 0x0000000709a00000, 0x0000000709a00000| Untracked 
|  53|0x0000000709a00000, 0x0000000709c00000, 0x0000000709c00000|100%| O|  |TAMS 0x0000000709c00000, 0x0000000709c00000| Untracked 
|  54|0x0000000709c00000, 0x0000000709e00000, 0x0000000709e00000|100%| O|  |TAMS 0x0000000709e00000, 0x0000000709e00000| Untracked 
|  55|0x0000000709e00000, 0x000000070a000000, 0x000000070a000000|100%| O|  |TAMS 0x000000070a000000, 0x000000070a000000| Untracked 
|  56|0x000000070a000000, 0x000000070a200000, 0x000000070a200000|100%| O|  |TAMS 0x000000070a111200, 0x000000070a200000| Untracked 
|  57|0x000000070a200000, 0x000000070a400000, 0x000000070a400000|100%| O|  |TAMS 0x000000070a200000, 0x000000070a400000| Untracked 
|  58|0x000000070a400000, 0x000000070a600000, 0x000000070a600000|100%| O|  |TAMS 0x000000070a400000, 0x000000070a600000| Untracked 
|  59|0x000000070a600000, 0x000000070a800000, 0x000000070a800000|100%| O|  |TAMS 0x000000070a600000, 0x000000070a800000| Untracked 
|  60|0x000000070a800000, 0x000000070aa00000, 0x000000070aa00000|100%| O|  |TAMS 0x000000070a800000, 0x000000070aa00000| Untracked 
|  61|0x000000070aa00000, 0x000000070ac00000, 0x000000070ac00000|100%| O|  |TAMS 0x000000070aa00000, 0x000000070ac00000| Untracked 
|  62|0x000000070ac00000, 0x000000070ae00000, 0x000000070ae00000|100%| O|  |TAMS 0x000000070ac00000, 0x000000070ae00000| Untracked 
|  63|0x000000070ae00000, 0x000000070b000000, 0x000000070b000000|100%| O|  |TAMS 0x000000070ae00000, 0x000000070b000000| Untracked 
|  64|0x000000070b000000, 0x000000070b200000, 0x000000070b200000|100%| O|  |TAMS 0x000000070b000000, 0x000000070b200000| Untracked 
|  65|0x000000070b200000, 0x000000070b400000, 0x000000070b400000|100%| O|  |TAMS 0x000000070b200000, 0x000000070b400000| Untracked 
|  66|0x000000070b400000, 0x000000070b600000, 0x000000070b600000|100%| O|  |TAMS 0x000000070b400000, 0x000000070b600000| Untracked 
|  67|0x000000070b600000, 0x000000070b6fc600, 0x000000070b800000| 49%| O|  |TAMS 0x000000070b600000, 0x000000070b6fc600| Untracked 
|  68|0x000000070b800000, 0x000000070b800000, 0x000000070ba00000|  0%| F|  |TAMS 0x000000070b800000, 0x000000070b800000| Untracked 
|  69|0x000000070ba00000, 0x000000070ba00000, 0x000000070bc00000|  0%| F|  |TAMS 0x000000070ba00000, 0x000000070ba00000| Untracked 
|  70|0x000000070bc00000, 0x000000070bc00000, 0x000000070be00000|  0%| F|  |TAMS 0x000000070bc00000, 0x000000070bc00000| Untracked 
|  71|0x000000070be00000, 0x000000070be00000, 0x000000070c000000|  0%| F|  |TAMS 0x000000070be00000, 0x000000070be00000| Untracked 
|  72|0x000000070c000000, 0x000000070c000000, 0x000000070c200000|  0%| F|  |TAMS 0x000000070c000000, 0x000000070c000000| Untracked 
|  73|0x000000070c200000, 0x000000070c200000, 0x000000070c400000|  0%| F|  |TAMS 0x000000070c200000, 0x000000070c200000| Untracked 
|  74|0x000000070c400000, 0x000000070c400000, 0x000000070c600000|  0%| F|  |TAMS 0x000000070c400000, 0x000000070c400000| Untracked 
|  75|0x000000070c600000, 0x000000070c600000, 0x000000070c800000|  0%| F|  |TAMS 0x000000070c600000, 0x000000070c600000| Untracked 
|  76|0x000000070c800000, 0x000000070c800000, 0x000000070ca00000|  0%| F|  |TAMS 0x000000070c800000, 0x000000070c800000| Untracked 
|  77|0x000000070ca00000, 0x000000070ca00000, 0x000000070cc00000|  0%| F|  |TAMS 0x000000070ca00000, 0x000000070ca00000| Untracked 
|  78|0x000000070cc00000, 0x000000070cc00000, 0x000000070ce00000|  0%| F|  |TAMS 0x000000070cc00000, 0x000000070cc00000| Untracked 
|  79|0x000000070ce00000, 0x000000070ce00000, 0x000000070d000000|  0%| F|  |TAMS 0x000000070ce00000, 0x000000070ce00000| Untracked 
|  80|0x000000070d000000, 0x000000070d000000, 0x000000070d200000|  0%| F|  |TAMS 0x000000070d000000, 0x000000070d000000| Untracked 
|  81|0x000000070d200000, 0x000000070d200000, 0x000000070d400000|  0%| F|  |TAMS 0x000000070d200000, 0x000000070d200000| Untracked 
|  82|0x000000070d400000, 0x000000070d400000, 0x000000070d600000|  0%| F|  |TAMS 0x000000070d400000, 0x000000070d400000| Untracked 
|  83|0x000000070d600000, 0x000000070d600000, 0x000000070d800000|  0%| F|  |TAMS 0x000000070d600000, 0x000000070d600000| Untracked 
|  84|0x000000070d800000, 0x000000070d800000, 0x000000070da00000|  0%| F|  |TAMS 0x000000070d800000, 0x000000070d800000| Untracked 
|  85|0x000000070da00000, 0x000000070da00000, 0x000000070dc00000|  0%| F|  |TAMS 0x000000070da00000, 0x000000070da00000| Untracked 
|  86|0x000000070dc00000, 0x000000070dc00000, 0x000000070de00000|  0%| F|  |TAMS 0x000000070dc00000, 0x000000070dc00000| Untracked 
|  87|0x000000070de00000, 0x000000070de00000, 0x000000070e000000|  0%| F|  |TAMS 0x000000070de00000, 0x000000070de00000| Untracked 
|  88|0x000000070e000000, 0x000000070e000000, 0x000000070e200000|  0%| F|  |TAMS 0x000000070e000000, 0x000000070e000000| Untracked 
|  89|0x000000070e200000, 0x000000070e200000, 0x000000070e400000|  0%| F|  |TAMS 0x000000070e200000, 0x000000070e200000| Untracked 
|  90|0x000000070e400000, 0x000000070e400000, 0x000000070e600000|  0%| F|  |TAMS 0x000000070e400000, 0x000000070e400000| Untracked 
|  91|0x000000070e600000, 0x000000070e600000, 0x000000070e800000|  0%| F|  |TAMS 0x000000070e600000, 0x000000070e600000| Untracked 
|  92|0x000000070e800000, 0x000000070e800000, 0x000000070ea00000|  0%| F|  |TAMS 0x000000070e800000, 0x000000070e800000| Untracked 
|  93|0x000000070ea00000, 0x000000070ea00000, 0x000000070ec00000|  0%| F|  |TAMS 0x000000070ea00000, 0x000000070ea00000| Untracked 
|  94|0x000000070ec00000, 0x000000070ec9fe40, 0x000000070ee00000| 31%| S|CS|TAMS 0x000000070ec00000, 0x000000070ec00000| Complete 
|  95|0x000000070ee00000, 0x000000070f000000, 0x000000070f000000|100%| S|CS|TAMS 0x000000070ee00000, 0x000000070ee00000| Complete 
|  96|0x000000070f000000, 0x000000070f200000, 0x000000070f200000|100%| S|CS|TAMS 0x000000070f000000, 0x000000070f000000| Complete 
|  97|0x000000070f200000, 0x000000070f200000, 0x000000070f400000|  0%| F|  |TAMS 0x000000070f200000, 0x000000070f200000| Untracked 
|  98|0x000000070f400000, 0x000000070f400000, 0x000000070f600000|  0%| F|  |TAMS 0x000000070f400000, 0x000000070f400000| Untracked 
|  99|0x000000070f600000, 0x000000070f600000, 0x000000070f800000|  0%| F|  |TAMS 0x000000070f600000, 0x000000070f600000| Untracked 
| 100|0x000000070f800000, 0x000000070f800000, 0x000000070fa00000|  0%| F|  |TAMS 0x000000070f800000, 0x000000070f800000| Untracked 
| 101|0x000000070fa00000, 0x000000070fa00000, 0x000000070fc00000|  0%| F|  |TAMS 0x000000070fa00000, 0x000000070fa00000| Untracked 
| 102|0x000000070fc00000, 0x000000070fc00000, 0x000000070fe00000|  0%| F|  |TAMS 0x000000070fc00000, 0x000000070fc00000| Untracked 
| 103|0x000000070fe00000, 0x000000070fe00000, 0x0000000710000000|  0%| F|  |TAMS 0x000000070fe00000, 0x000000070fe00000| Untracked 
| 104|0x0000000710000000, 0x0000000710000000, 0x0000000710200000|  0%| F|  |TAMS 0x0000000710000000, 0x0000000710000000| Untracked 
| 105|0x0000000710200000, 0x0000000710200000, 0x0000000710400000|  0%| F|  |TAMS 0x0000000710200000, 0x0000000710200000| Untracked 
| 106|0x0000000710400000, 0x0000000710400000, 0x0000000710600000|  0%| F|  |TAMS 0x0000000710400000, 0x0000000710400000| Untracked 
| 107|0x0000000710600000, 0x0000000710600000, 0x0000000710800000|  0%| F|  |TAMS 0x0000000710600000, 0x0000000710600000| Untracked 
| 108|0x0000000710800000, 0x0000000710800000, 0x0000000710a00000|  0%| F|  |TAMS 0x0000000710800000, 0x0000000710800000| Untracked 
| 109|0x0000000710a00000, 0x0000000710a00000, 0x0000000710c00000|  0%| F|  |TAMS 0x0000000710a00000, 0x0000000710a00000| Untracked 
| 110|0x0000000710c00000, 0x0000000710c00000, 0x0000000710e00000|  0%| F|  |TAMS 0x0000000710c00000, 0x0000000710c00000| Untracked 
| 111|0x0000000710e00000, 0x0000000710e00000, 0x0000000711000000|  0%| F|  |TAMS 0x0000000710e00000, 0x0000000710e00000| Untracked 
| 112|0x0000000711000000, 0x0000000711000000, 0x0000000711200000|  0%| F|  |TAMS 0x0000000711000000, 0x0000000711000000| Untracked 
| 113|0x0000000711200000, 0x0000000711200000, 0x0000000711400000|  0%| F|  |TAMS 0x0000000711200000, 0x0000000711200000| Untracked 
| 114|0x0000000711400000, 0x0000000711400000, 0x0000000711600000|  0%| F|  |TAMS 0x0000000711400000, 0x0000000711400000| Untracked 
| 115|0x0000000711600000, 0x0000000711600000, 0x0000000711800000|  0%| F|  |TAMS 0x0000000711600000, 0x0000000711600000| Untracked 
| 116|0x0000000711800000, 0x0000000711800000, 0x0000000711a00000|  0%| F|  |TAMS 0x0000000711800000, 0x0000000711800000| Untracked 
| 117|0x0000000711a00000, 0x0000000711a00000, 0x0000000711c00000|  0%| F|  |TAMS 0x0000000711a00000, 0x0000000711a00000| Untracked 
| 118|0x0000000711c00000, 0x0000000711c00000, 0x0000000711e00000|  0%| F|  |TAMS 0x0000000711c00000, 0x0000000711c00000| Untracked 
| 119|0x0000000711e00000, 0x0000000711e00000, 0x0000000712000000|  0%| F|  |TAMS 0x0000000711e00000, 0x0000000711e00000| Untracked 
| 120|0x0000000712000000, 0x0000000712000000, 0x0000000712200000|  0%| F|  |TAMS 0x0000000712000000, 0x0000000712000000| Untracked 
| 121|0x0000000712200000, 0x0000000712200000, 0x0000000712400000|  0%| F|  |TAMS 0x0000000712200000, 0x0000000712200000| Untracked 
| 122|0x0000000712400000, 0x0000000712400000, 0x0000000712600000|  0%| F|  |TAMS 0x0000000712400000, 0x0000000712400000| Untracked 
| 123|0x0000000712600000, 0x0000000712600000, 0x0000000712800000|  0%| F|  |TAMS 0x0000000712600000, 0x0000000712600000| Untracked 
| 124|0x0000000712800000, 0x0000000712800000, 0x0000000712a00000|  0%| F|  |TAMS 0x0000000712800000, 0x0000000712800000| Untracked 
| 125|0x0000000712a00000, 0x0000000712a00000, 0x0000000712c00000|  0%| F|  |TAMS 0x0000000712a00000, 0x0000000712a00000| Untracked 
| 126|0x0000000712c00000, 0x0000000712c00000, 0x0000000712e00000|  0%| F|  |TAMS 0x0000000712c00000, 0x0000000712c00000| Untracked 
| 127|0x0000000712e00000, 0x0000000712e00000, 0x0000000713000000|  0%| F|  |TAMS 0x0000000712e00000, 0x0000000712e00000| Untracked 
| 128|0x0000000713000000, 0x0000000713000000, 0x0000000713200000|  0%| F|  |TAMS 0x0000000713000000, 0x0000000713000000| Untracked 
| 129|0x0000000713200000, 0x0000000713200000, 0x0000000713400000|  0%| F|  |TAMS 0x0000000713200000, 0x0000000713200000| Untracked 
| 130|0x0000000713400000, 0x0000000713400000, 0x0000000713600000|  0%| F|  |TAMS 0x0000000713400000, 0x0000000713400000| Untracked 
| 131|0x0000000713600000, 0x0000000713600000, 0x0000000713800000|  0%| F|  |TAMS 0x0000000713600000, 0x0000000713600000| Untracked 
| 132|0x0000000713800000, 0x0000000713800000, 0x0000000713a00000|  0%| F|  |TAMS 0x0000000713800000, 0x0000000713800000| Untracked 
| 133|0x0000000713a00000, 0x0000000713a00000, 0x0000000713c00000|  0%| F|  |TAMS 0x0000000713a00000, 0x0000000713a00000| Untracked 
| 134|0x0000000713c00000, 0x0000000713c00000, 0x0000000713e00000|  0%| F|  |TAMS 0x0000000713c00000, 0x0000000713c00000| Untracked 
| 135|0x0000000713e00000, 0x0000000713f00800, 0x0000000714000000| 50%| E|  |TAMS 0x0000000713e00000, 0x0000000713e00000| Complete 
| 136|0x0000000714000000, 0x0000000714200000, 0x0000000714200000|100%| E|CS|TAMS 0x0000000714000000, 0x0000000714000000| Complete 
| 137|0x0000000714200000, 0x0000000714400000, 0x0000000714400000|100%| E|CS|TAMS 0x0000000714200000, 0x0000000714200000| Complete 

Card table byte_map: [0x000002c1d4e60000,0x000002c1d5650000] _byte_map_base: 0x000002c1d1648000

Marking Bits (Prev, Next): (CMBitMap*) 0x000002c1c1cac2e0, (CMBitMap*) 0x000002c1c1cac320
 Prev Bits: [0x000002c1d5e40000, 0x000002c1d9d80000)
 Next Bits: [0x000002c1d9d80000, 0x000002c1ddcc0000)

Polling page: 0x000002c1bf8a0000

Metaspace:

Usage:
  Non-class:     80.26 MB used.
      Class:      9.66 MB used.
       Both:     89.92 MB used.

Virtual space:
  Non-class space:      128.00 MB reserved,      80.44 MB ( 63%) committed,  2 nodes.
      Class space:        1.00 GB reserved,       9.88 MB ( <1%) committed,  1 nodes.
             Both:        1.12 GB reserved,      90.31 MB (  8%) committed. 

Chunk freelists:
   Non-Class:  14.83 MB
       Class:  5.98 MB
        Both:  20.81 MB

MaxMetaspaceSize: unlimited
CompressedClassSpaceSize: 1.00 GB
Initial GC threshold: 21.00 MB
Current GC threshold: 150.56 MB
CDS: off
MetaspaceReclaimPolicy: balanced
 - commit_granule_bytes: 65536.
 - commit_granule_words: 8192.
 - virtual_space_node_default_size: 8388608.
 - enlarge_chunks_in_place: 1.
 - new_chunks_are_fully_committed: 0.
 - uncommit_free_chunks: 1.
 - use_allocation_guard: 0.
 - handle_deallocations: 1.


Internal statistics:

num_allocs_failed_limit: 9.
num_arena_births: 508.
num_arena_deaths: 0.
num_vsnodes_births: 3.
num_vsnodes_deaths: 0.
num_space_committed: 1443.
num_space_uncommitted: 0.
num_chunks_returned_to_freelist: 9.
num_chunks_taken_from_freelist: 3586.
num_chunk_merges: 9.
num_chunk_splits: 2880.
num_chunks_enlarged: 2472.
num_inconsistent_stats: 0.

CodeHeap 'non-profiled nmethods': size=120000Kb used=10495Kb max_used=10562Kb free=109505Kb
 bounds [0x000002c1ccbf0000, 0x000002c1cd650000, 0x000002c1d4120000]
CodeHeap 'profiled nmethods': size=120000Kb used=51122Kb max_used=51122Kb free=68877Kb
 bounds [0x000002c1c5120000, 0x000002c1c8320000, 0x000002c1cc650000]
CodeHeap 'non-nmethods': size=5760Kb used=1412Kb max_used=1514Kb free=4347Kb
 bounds [0x000002c1cc650000, 0x000002c1cc8c0000, 0x000002c1ccbf0000]
 total_blobs=17294 nmethods=16554 adapters=648
 compilation: enabled
              stopped_count=0, restarted_count=0
 full_count=0

Compilation events (20 events):
Event: 35.268 Thread 0x000002c1e0b481b0 20637       3       org.jetbrains.kotlin.codegen.inline.MaxStackFrameSizeAndLocalsCalculator::visitLabel (20 bytes)
Event: 35.268 Thread 0x000002c1e0b481b0 nmethod 20637 0x000002c1c830a610 code [0x000002c1c830a7e0, 0x000002c1c830ab08]
Event: 35.268 Thread 0x000002c1e0b481b0 20636       3       org.jetbrains.kotlin.ir.descriptors.IrBasedSimpleFunctionDescriptor::getOriginal (2 bytes)
Event: 35.268 Thread 0x000002c1e0b481b0 nmethod 20636 0x000002c1c830ac10 code [0x000002c1c830ada0, 0x000002c1c830aeb8]
Event: 35.268 Thread 0x000002c1e0b481b0 20642       1       org.jetbrains.org.objectweb.asm.tree.analysis.Frame::getStackSize (5 bytes)
Event: 35.268 Thread 0x000002c1e0b481b0 nmethod 20642 0x000002c1cd2d3a10 code [0x000002c1cd2d3ba0, 0x000002c1cd2d3c78]
Event: 35.268 Thread 0x000002c1e0b481b0 20644       1       kotlin.text.DelimitedRangesSequence::access$getLimit$p (5 bytes)
Event: 35.268 Thread 0x000002c1e0b481b0 nmethod 20644 0x000002c1cd2d3710 code [0x000002c1cd2d38a0, 0x000002c1cd2d3958]
Event: 35.268 Thread 0x000002c1e0b481b0 20645       1       kotlin.text.DelimitedRangesSequence::access$getGetNextMatch$p (5 bytes)
Event: 35.268 Thread 0x000002c1e0b481b0 nmethod 20645 0x000002c1cd2d3410 code [0x000002c1cd2d35a0, 0x000002c1cd2d3658]
Event: 35.269 Thread 0x000002c1e0b481b0 20646       2       org.jetbrains.kotlin.backend.jvm.mapping.IrTypeMapper::writeGenericType (13 bytes)
Event: 35.270 Thread 0x000002c1e0b481b0 nmethod 20646 0x000002c1c830af90 code [0x000002c1c830b120, 0x000002c1c830b288]
Event: 35.271 Thread 0x000002c1e0b481b0 20647       3       org.jetbrains.kotlin.codegen.optimization.boxing.PopBackwardPropagationTransformer$Transformer::markAsDontTouch (68 bytes)
Event: 35.272 Thread 0x000002c1e0b481b0 nmethod 20647 0x000002c1c830b390 code [0x000002c1c830b5c0, 0x000002c1c830bf28]
Event: 35.272 Thread 0x000002c1e0b481b0 20648       3       org.jetbrains.kotlin.codegen.optimization.boxing.PopBackwardPropagationTransformer$Transformer::access$markAsDontTouch (6 bytes)
Event: 35.272 Thread 0x000002c1e0b481b0 nmethod 20648 0x000002c1c830c210 code [0x000002c1c830c3a0, 0x000002c1c830c4c8]
Event: 35.272 Thread 0x000002c1e0b481b0 20649       1       org.jetbrains.kotlin.backend.jvm.mapping.IrTypeMapper::getTypeSystem (5 bytes)
Event: 35.272 Thread 0x000002c1e0b481b0 nmethod 20649 0x000002c1cd2d3110 code [0x000002c1cd2d32a0, 0x000002c1cd2d3378]
Event: 35.272 Thread 0x000002c1e0b481b0 20650       1       org.jetbrains.kotlin.codegen.signature.BothSignatureWriter$Mode::access$000 (5 bytes)
Event: 35.272 Thread 0x000002c1e0b481b0 nmethod 20650 0x000002c1cd2d2e10 code [0x000002c1cd2d2fa0, 0x000002c1cd2d3058]

GC Heap History (20 events):
Event: 14.143 GC heap before
{Heap before GC invocations=23 (full 0):
 garbage-first heap   total 221184K, used 167164K [0x0000000703000000, 0x0000000800000000)
  region size 2048K, 51 young (104448K), 7 survivors (14336K)
 Metaspace       used 63847K, committed 64192K, reserved 1114112K
  class space    used 7366K, committed 7552K, reserved 1048576K
}
Event: 14.159 GC heap after
{Heap after GC invocations=24 (full 0):
 garbage-first heap   total 221184K, used 86519K [0x0000000703000000, 0x0000000800000000)
  region size 2048K, 5 young (10240K), 5 survivors (10240K)
 Metaspace       used 63847K, committed 64192K, reserved 1114112K
  class space    used 7366K, committed 7552K, reserved 1048576K
}
Event: 17.166 GC heap before
{Heap before GC invocations=24 (full 0):
 garbage-first heap   total 221184K, used 170487K [0x0000000703000000, 0x0000000800000000)
  region size 2048K, 46 young (94208K), 5 survivors (10240K)
 Metaspace       used 65260K, committed 65536K, reserved 1114112K
  class space    used 7445K, committed 7616K, reserved 1048576K
}
Event: 17.195 GC heap after
{Heap after GC invocations=25 (full 0):
 garbage-first heap   total 221184K, used 98044K [0x0000000703000000, 0x0000000800000000)
  region size 2048K, 6 young (12288K), 6 survivors (12288K)
 Metaspace       used 65260K, committed 65536K, reserved 1114112K
  class space    used 7445K, committed 7616K, reserved 1048576K
}
Event: 21.547 GC heap before
{Heap before GC invocations=25 (full 0):
 garbage-first heap   total 221184K, used 173820K [0x0000000703000000, 0x0000000800000000)
  region size 2048K, 43 young (88064K), 6 survivors (12288K)
 Metaspace       used 65875K, committed 66240K, reserved 1114112K
  class space    used 7457K, committed 7616K, reserved 1048576K
}
Event: 21.577 GC heap after
{Heap after GC invocations=26 (full 0):
 garbage-first heap   total 221184K, used 104212K [0x0000000703000000, 0x0000000800000000)
  region size 2048K, 4 young (8192K), 4 survivors (8192K)
 Metaspace       used 65875K, committed 66240K, reserved 1114112K
  class space    used 7457K, committed 7616K, reserved 1048576K
}
Event: 24.631 GC heap before
{Heap before GC invocations=26 (full 0):
 garbage-first heap   total 221184K, used 175892K [0x0000000703000000, 0x0000000800000000)
  region size 2048K, 39 young (79872K), 4 survivors (8192K)
 Metaspace       used 67392K, committed 67712K, reserved 1114112K
  class space    used 7588K, committed 7744K, reserved 1048576K
}
Event: 24.648 GC heap after
{Heap after GC invocations=27 (full 0):
 garbage-first heap   total 221184K, used 109700K [0x0000000703000000, 0x0000000800000000)
  region size 2048K, 3 young (6144K), 3 survivors (6144K)
 Metaspace       used 67392K, committed 67712K, reserved 1114112K
  class space    used 7588K, committed 7744K, reserved 1048576K
}
Event: 27.144 GC heap before
{Heap before GC invocations=27 (full 0):
 garbage-first heap   total 221184K, used 179332K [0x0000000703000000, 0x0000000800000000)
  region size 2048K, 37 young (75776K), 3 survivors (6144K)
 Metaspace       used 74233K, committed 74560K, reserved 1179648K
  class space    used 8236K, committed 8384K, reserved 1048576K
}
Event: 27.166 GC heap after
{Heap after GC invocations=28 (full 0):
 garbage-first heap   total 221184K, used 115507K [0x0000000703000000, 0x0000000800000000)
  region size 2048K, 3 young (6144K), 3 survivors (6144K)
 Metaspace       used 74233K, committed 74560K, reserved 1179648K
  class space    used 8236K, committed 8384K, reserved 1048576K
}
Event: 29.084 GC heap before
{Heap before GC invocations=29 (full 0):
 garbage-first heap   total 221184K, used 181043K [0x0000000703000000, 0x0000000800000000)
  region size 2048K, 35 young (71680K), 3 survivors (6144K)
 Metaspace       used 77208K, committed 77504K, reserved 1179648K
  class space    used 8543K, committed 8704K, reserved 1048576K
}
Event: 29.110 GC heap after
{Heap after GC invocations=30 (full 0):
 garbage-first heap   total 221184K, used 126020K [0x0000000703000000, 0x0000000800000000)
  region size 2048K, 5 young (10240K), 5 survivors (10240K)
 Metaspace       used 77208K, committed 77504K, reserved 1179648K
  class space    used 8543K, committed 8704K, reserved 1048576K
}
Event: 30.394 GC heap before
{Heap before GC invocations=30 (full 0):
 garbage-first heap   total 221184K, used 179268K [0x0000000703000000, 0x0000000800000000)
  region size 2048K, 31 young (63488K), 5 survivors (10240K)
 Metaspace       used 79233K, committed 79616K, reserved 1179648K
  class space    used 8762K, committed 8960K, reserved 1048576K
}
Event: 30.423 GC heap after
{Heap after GC invocations=31 (full 0):
 garbage-first heap   total 221184K, used 135381K [0x0000000703000000, 0x0000000800000000)
  region size 2048K, 4 young (8192K), 4 survivors (8192K)
 Metaspace       used 79233K, committed 79616K, reserved 1179648K
  class space    used 8762K, committed 8960K, reserved 1048576K
}
Event: 31.786 GC heap before
{Heap before GC invocations=32 (full 0):
 garbage-first heap   total 235520K, used 176341K [0x0000000703000000, 0x0000000800000000)
  region size 2048K, 25 young (51200K), 4 survivors (8192K)
 Metaspace       used 85272K, committed 85632K, reserved 1179648K
  class space    used 9347K, committed 9536K, reserved 1048576K
}
Event: 31.812 GC heap after
{Heap after GC invocations=33 (full 0):
 garbage-first heap   total 235520K, used 136699K [0x0000000703000000, 0x0000000800000000)
  region size 2048K, 2 young (4096K), 2 survivors (4096K)
 Metaspace       used 85272K, committed 85632K, reserved 1179648K
  class space    used 9347K, committed 9536K, reserved 1048576K
}
Event: 31.999 GC heap before
{Heap before GC invocations=33 (full 0):
 garbage-first heap   total 235520K, used 142843K [0x0000000703000000, 0x0000000800000000)
  region size 2048K, 5 young (10240K), 2 survivors (4096K)
 Metaspace       used 86218K, committed 86592K, reserved 1179648K
  class space    used 9447K, committed 9664K, reserved 1048576K
}
Event: 32.022 GC heap after
{Heap after GC invocations=34 (full 0):
 garbage-first heap   total 282624K, used 135461K [0x0000000703000000, 0x0000000800000000)
  region size 2048K, 1 young (2048K), 1 survivors (2048K)
 Metaspace       used 86218K, committed 86592K, reserved 1179648K
  class space    used 9447K, committed 9664K, reserved 1048576K
}
Event: 35.103 GC heap before
{Heap before GC invocations=34 (full 0):
 garbage-first heap   total 282624K, used 217381K [0x0000000703000000, 0x0000000800000000)
  region size 2048K, 41 young (83968K), 1 survivors (2048K)
 Metaspace       used 91924K, committed 92288K, reserved 1179648K
  class space    used 9879K, committed 10048K, reserved 1048576K
}
Event: 35.112 GC heap after
{Heap after GC invocations=35 (full 0):
 garbage-first heap   total 282624K, used 138865K [0x0000000703000000, 0x0000000800000000)
  region size 2048K, 3 young (6144K), 3 survivors (6144K)
 Metaspace       used 91924K, committed 92288K, reserved 1179648K
  class space    used 9879K, committed 10048K, reserved 1048576K
}

Dll operation events (2 events):
Event: 0.013 Loaded shared library C:\Program Files\Android\Android Studio\jbr\bin\java.dll
Event: 2.128 Loaded shared library C:\Program Files\Android\Android Studio\jbr\bin\verify.dll

Deoptimization events (20 events):
Event: 35.080 Thread 0x000002c1c1c402b0 Uncommon trap: trap_request=0xffffffde fr.pc=0x000002c1cd5b12a0 relative=0x0000000000002de0
Event: 35.080 Thread 0x000002c1c1c402b0 Uncommon trap: reason=class_check action=maybe_recompile pc=0x000002c1cd5b12a0 method=org.jetbrains.kotlin.backend.jvm.mapping.IrTypeMapper.writeGenericType(Lorg/jetbrains/kotlin/codegen/signature/JvmSignatureWriter;Lorg/jetbrains/kotlin/types/model/Kotli
Event: 35.080 Thread 0x000002c1c1c402b0 DEOPT PACKING pc=0x000002c1cd5b12a0 sp=0x000000fe1aefd670
Event: 35.081 Thread 0x000002c1c1c402b0 DEOPT UNPACKING pc=0x000002c1cc6a69a3 sp=0x000000fe1aefd598 mode 2
Event: 35.085 Thread 0x000002c1c1c402b0 Uncommon trap: trap_request=0xffffff45 fr.pc=0x000002c1ccfeb2fc relative=0x00000000000000dc
Event: 35.085 Thread 0x000002c1c1c402b0 Uncommon trap: reason=unstable_if action=reinterpret pc=0x000002c1ccfeb2fc method=java.lang.StringLatin1.lastIndexOf([BI[BII)I @ 32 c2
Event: 35.085 Thread 0x000002c1c1c402b0 DEOPT PACKING pc=0x000002c1ccfeb2fc sp=0x000000fe1aefdc40
Event: 35.085 Thread 0x000002c1c1c402b0 DEOPT UNPACKING pc=0x000002c1cc6a69a3 sp=0x000000fe1aefdb20 mode 2
Event: 35.219 Thread 0x000002c1c1c402b0 Uncommon trap: trap_request=0xffffff45 fr.pc=0x000002c1cce27d40 relative=0x00000000000000a0
Event: 35.219 Thread 0x000002c1c1c402b0 Uncommon trap: reason=unstable_if action=reinterpret pc=0x000002c1cce27d40 method=java.lang.StringLatin1.lastIndexOf([BI[BII)I @ 32 c2
Event: 35.219 Thread 0x000002c1c1c402b0 DEOPT PACKING pc=0x000002c1cce27d40 sp=0x000000fe1aefdba0
Event: 35.219 Thread 0x000002c1c1c402b0 DEOPT UNPACKING pc=0x000002c1cc6a69a3 sp=0x000000fe1aefdb20 mode 2
Event: 35.220 Thread 0x000002c1c1c402b0 Uncommon trap: trap_request=0xffffff45 fr.pc=0x000002c1ccf32500 relative=0x0000000000000140
Event: 35.220 Thread 0x000002c1c1c402b0 Uncommon trap: reason=unstable_if action=reinterpret pc=0x000002c1ccf32500 method=org.jetbrains.kotlin.metadata.ProtoBuf$ValueParameter.isInitialized()Z @ 7 c2
Event: 35.220 Thread 0x000002c1c1c402b0 DEOPT PACKING pc=0x000002c1ccf32500 sp=0x000000fe1aefdac0
Event: 35.220 Thread 0x000002c1c1c402b0 DEOPT UNPACKING pc=0x000002c1cc6a69a3 sp=0x000000fe1aefda50 mode 2
Event: 35.223 Thread 0x000002c1c1c402b0 Uncommon trap: trap_request=0xffffffec fr.pc=0x000002c1cd5b1450 relative=0x0000000000002f90
Event: 35.223 Thread 0x000002c1c1c402b0 Uncommon trap: reason=null_assert_or_unreached0 action=make_not_entrant pc=0x000002c1cd5b1450 method=org.jetbrains.kotlin.backend.jvm.mapping.IrTypeMapper.writeGenericType(Lorg/jetbrains/kotlin/codegen/signature/JvmSignatureWriter;Lorg/jetbrains/kotlin/ty
Event: 35.223 Thread 0x000002c1c1c402b0 DEOPT PACKING pc=0x000002c1cd5b1450 sp=0x000000fe1aefd160
Event: 35.223 Thread 0x000002c1c1c402b0 DEOPT UNPACKING pc=0x000002c1cc6a69a3 sp=0x000000fe1aefd088 mode 2

Classes unloaded (0 events):
No events

Classes redefined (0 events):
No events

Internal exceptions (20 events):
Event: 11.255 Thread 0x000002c1c1c402b0 Exception <a 'java/lang/NoSuchMethodError'{0x0000000712cf0698}: 'java.lang.Object java.lang.invoke.DirectMethodHandle$Holder.newInvokeSpecial(java.lang.Object, java.lang.Object, java.lang.Object, java.lang.Object, java.lang.Object, java.lang.Object, java.lang.Object)'> (0x0000000712cf0698) 
thrown [s\src\hotspot\share\interpreter\linkResolver.cpp, line 771]
Event: 11.256 Thread 0x000002c1c1c402b0 Exception <a 'java/lang/NoSuchMethodError'{0x0000000712cf5250}: 'java.lang.Object java.lang.invoke.Invokers$Holder.linkToTargetMethod(java.lang.Object, java.lang.Object, java.lang.Object, java.lang.Object, java.lang.Object, java.lang.Object, java.lang.Object)'> (0x0000000712cf5250) 
thrown [s\src\hotspot\share\interpreter\linkResolver.cpp, line 771]
Event: 11.274 Thread 0x000002c1c1c402b0 Exception <a 'java/lang/NoSuchMethodError'{0x0000000712d45d40}: 'java.lang.Object java.lang.invoke.DirectMethodHandle$Holder.invokeInterface(java.lang.Object, java.lang.Object, java.lang.Object)'> (0x0000000712d45d40) 
thrown [s\src\hotspot\share\interpreter\linkResolver.cpp, line 771]
Event: 11.275 Thread 0x000002c1c1c402b0 Exception <a 'java/lang/IncompatibleClassChangeError'{0x0000000712d49958}: Found class java.lang.Object, but interface was expected> (0x0000000712d49958) 
thrown [s\src\hotspot\share\interpreter\linkResolver.cpp, line 838]
Event: 17.744 Thread 0x000002c1c1c402b0 Implicit null exception at 0x000002c1ccf8c284 to 0x000002c1ccf8ca48
Event: 22.710 Thread 0x000002c1c1c402b0 Implicit null exception at 0x000002c1ccf2ea40 to 0x000002c1ccf2ead1
Event: 24.964 Thread 0x000002c1c1c402b0 Implicit null exception at 0x000002c1ccea3380 to 0x000002c1ccea3988
Event: 24.965 Thread 0x000002c1c1c402b0 Implicit null exception at 0x000002c1ccea0d00 to 0x000002c1ccea12fc
Event: 25.699 Thread 0x000002c1c1c402b0 Exception <a 'java/lang/NoSuchMethodError'{0x000000070e9aba68}: 'java.lang.Object java.lang.invoke.DirectMethodHandle$Holder.invokeStaticInit(java.lang.Object, java.lang.Object, java.lang.Object, java.lang.Object)'> (0x000000070e9aba68) 
thrown [s\src\hotspot\share\interpreter\linkResolver.cpp, line 771]
Event: 26.070 Thread 0x000002c1c1c402b0 Exception <a 'java/lang/NoSuchMethodError'{0x000000070dbf79e0}: 'java.lang.Object java.lang.invoke.DirectMethodHandle$Holder.newInvokeSpecial(java.lang.Object, java.lang.Object, java.lang.Object, int, int)'> (0x000000070dbf79e0) 
thrown [s\src\hotspot\share\interpreter\linkResolver.cpp, line 771]
Event: 26.071 Thread 0x000002c1c1c402b0 Exception <a 'java/lang/NoSuchMethodError'{0x000000070dbfb820}: 'java.lang.Object java.lang.invoke.DirectMethodHandle$Holder.invokeSpecial(java.lang.Object, java.lang.Object, java.lang.Object, java.lang.Object, int, int)'> (0x000000070dbfb820) 
thrown [s\src\hotspot\share\interpreter\linkResolver.cpp, line 771]
Event: 27.014 Thread 0x000002c1c1c402b0 Exception <a 'java/lang/NoSuchMethodError'{0x000000070c76ddb8}: 'java.lang.Object java.lang.invoke.DirectMethodHandle$Holder.invokeStatic(java.lang.Object, java.lang.Object, java.lang.Object, int, int, java.lang.Object, java.lang.Object, java.lang.Object, java.lang.Object)'> (0x000000070c76ddb8) 
thrown [s\src\hotspot\share\interpreter\linkResolver.cpp, line 771]
Event: 27.015 Thread 0x000002c1c1c402b0 Exception <a 'java/lang/NoSuchMethodError'{0x000000070c778080}: 'java.lang.Object java.lang.invoke.DirectMethodHandle$Holder.newInvokeSpecial(java.lang.Object, java.lang.Object, java.lang.Object, int, int, java.lang.Object)'> (0x000000070c778080) 
thrown [s\src\hotspot\share\interpreter\linkResolver.cpp, line 771]
Event: 27.017 Thread 0x000002c1c1c402b0 Exception <a 'java/lang/NoSuchMethodError'{0x000000070c77fa20}: 'java.lang.Object java.lang.invoke.Invokers$Holder.linkToTargetMethod(java.lang.Object, java.lang.Object, int, int, java.lang.Object, java.lang.Object)'> (0x000000070c77fa20) 
thrown [s\src\hotspot\share\interpreter\linkResolver.cpp, line 771]
Event: 27.031 Thread 0x000002c1c1c402b0 Exception <a 'java/lang/NoSuchMethodError'{0x000000070c7cbf28}: 'java.lang.Object java.lang.invoke.DirectMethodHandle$Holder.invokeSpecial(java.lang.Object, java.lang.Object, int, int, java.lang.Object, java.lang.Object, java.lang.Object, java.lang.Object, java.lang.Object)'> (0x000000070c7cbf28) 
thrown [s\src\hotspot\share\interpreter\linkResolver.cpp, line 771]
Event: 27.098 Thread 0x000002c1c1c402b0 Exception <a 'java/lang/NoSuchMethodError'{0x000000070c5090d0}: 'java.lang.Object java.lang.invoke.DirectMethodHandle$Holder.newInvokeSpecial(java.lang.Object, java.lang.Object, int, int, java.lang.Object, java.lang.Object, java.lang.Object)'> (0x000000070c5090d0) 
thrown [s\src\hotspot\share\interpreter\linkResolver.cpp, line 771]
Event: 27.098 Thread 0x000002c1c1c402b0 Exception <a 'java/lang/NoSuchMethodError'{0x000000070c50d978}: 'java.lang.Object java.lang.invoke.DirectMethodHandle$Holder.invokeSpecial(java.lang.Object, java.lang.Object, java.lang.Object, int, int, java.lang.Object, java.lang.Object, java.lang.Object)'> (0x000000070c50d978) 
thrown [s\src\hotspot\share\interpreter\linkResolver.cpp, line 771]
Event: 30.578 Thread 0x000002c1c1c402b0 Implicit null exception at 0x000002c1cd2e87f5 to 0x000002c1cd2e8874
Event: 31.538 Thread 0x000002c1c1c402b0 Implicit null exception at 0x000002c1cd4d68cd to 0x000002c1cd4d742c
Event: 32.041 Thread 0x000002c1c1c402b0 Implicit null exception at 0x000002c1cd586a52 to 0x000002c1cd586af9

VM Operations (20 events):
Event: 34.231 Executing VM operation: ICBufferFull
Event: 34.231 Executing VM operation: ICBufferFull done
Event: 34.561 Executing VM operation: ICBufferFull
Event: 34.562 Executing VM operation: ICBufferFull done
Event: 34.625 Executing VM operation: HandshakeAllThreads
Event: 34.625 Executing VM operation: HandshakeAllThreads done
Event: 34.642 Executing VM operation: HandshakeAllThreads
Event: 34.642 Executing VM operation: HandshakeAllThreads done
Event: 34.656 Executing VM operation: HandshakeAllThreads
Event: 34.656 Executing VM operation: HandshakeAllThreads done
Event: 34.664 Executing VM operation: HandshakeAllThreads
Event: 34.664 Executing VM operation: HandshakeAllThreads done
Event: 34.664 Executing VM operation: HandshakeAllThreads
Event: 34.668 Executing VM operation: HandshakeAllThreads done
Event: 34.672 Executing VM operation: HandshakeAllThreads
Event: 34.672 Executing VM operation: HandshakeAllThreads done
Event: 34.979 Executing VM operation: ICBufferFull
Event: 34.980 Executing VM operation: ICBufferFull done
Event: 35.103 Executing VM operation: G1CollectForAllocation
Event: 35.113 Executing VM operation: G1CollectForAllocation done

Events (20 events):
Event: 34.676 Thread 0x000002c1e0b48ac0 flushing nmethod 0x000002c1cd20ad90
Event: 34.676 Thread 0x000002c1e0b48ac0 flushing nmethod 0x000002c1cd22ad90
Event: 34.676 Thread 0x000002c1e0b48ac0 flushing nmethod 0x000002c1cd2cfa90
Event: 34.676 Thread 0x000002c1e0b48ac0 flushing nmethod 0x000002c1cd2fd490
Event: 34.676 Thread 0x000002c1e0b48ac0 flushing nmethod 0x000002c1cd343310
Event: 34.677 Thread 0x000002c1e0b48ac0 flushing nmethod 0x000002c1cd343d10
Event: 34.678 Thread 0x000002c1e0b48ac0 flushing nmethod 0x000002c1cd521310
Event: 34.678 Thread 0x000002c1e0b48ac0 flushing nmethod 0x000002c1cd531a10
Event: 34.678 Thread 0x000002c1e0b48ac0 flushing nmethod 0x000002c1cd556290
Event: 34.678 Thread 0x000002c1e0b48ac0 flushing nmethod 0x000002c1cd58c910
Event: 34.678 Thread 0x000002c1e0b48ac0 flushing nmethod 0x000002c1cd592310
Event: 34.678 Thread 0x000002c1e0b48ac0 flushing nmethod 0x000002c1cd59e390
Event: 34.678 Thread 0x000002c1e0b48ac0 flushing nmethod 0x000002c1cd59ff90
Event: 34.678 Thread 0x000002c1e0b48ac0 flushing nmethod 0x000002c1cd5ce390
Event: 34.679 Thread 0x000002c1e0b48ac0 flushing nmethod 0x000002c1c51d8f10
Event: 34.683 Thread 0x000002c1e0b48ac0 flushing nmethod 0x000002c1c5569a10
Event: 34.686 Thread 0x000002c1e0b48ac0 flushing nmethod 0x000002c1c5844d10
Event: 34.802 Thread 0x000002c1e76c3480 Thread exited: 0x000002c1e76c3480
Event: 34.974 loading class java/util/Vector$Itr
Event: 34.974 loading class java/util/Vector$Itr done


Dynamic libraries:
0x00007ff738740000 - 0x00007ff73874a000 	C:\Program Files\Android\Android Studio\jbr\bin\java.exe
0x00007fff275b0000 - 0x00007fff277a8000 	C:\Windows\SYSTEM32\ntdll.dll
0x00007fff270c0000 - 0x00007fff27182000 	C:\Windows\System32\KERNEL32.DLL
0x00007fff24f50000 - 0x00007fff2524f000 	C:\Windows\System32\KERNELBASE.dll
0x00007fff25400000 - 0x00007fff25500000 	C:\Windows\System32\ucrtbase.dll
0x00007fff03740000 - 0x00007fff03757000 	C:\Program Files\Android\Android Studio\jbr\bin\jli.dll
0x00007fff02ce0000 - 0x00007fff02cfb000 	C:\Program Files\Android\Android Studio\jbr\bin\VCRUNTIME140.dll
0x00007fff25cb0000 - 0x00007fff25e4d000 	C:\Windows\System32\USER32.dll
0x00007fff25500000 - 0x00007fff25522000 	C:\Windows\System32\win32u.dll
0x00007fff06240000 - 0x00007fff064da000 	C:\Windows\WinSxS\amd64_microsoft.windows.common-controls_6595b64144ccf1df_6.0.19041.4355_none_60b8b9eb71f62e16\COMCTL32.dll
0x00007fff26800000 - 0x00007fff2682b000 	C:\Windows\System32\GDI32.dll
0x00007fff27390000 - 0x00007fff2742e000 	C:\Windows\System32\msvcrt.dll
0x00007fff24c50000 - 0x00007fff24d6a000 	C:\Windows\System32\gdi32full.dll
0x00007fff24d70000 - 0x00007fff24e0d000 	C:\Windows\System32\msvcp_win.dll
0x00007fff25e50000 - 0x00007fff25e7f000 	C:\Windows\System32\IMM32.DLL
0x00007ffefb620000 - 0x00007ffefb62c000 	C:\Program Files\Android\Android Studio\jbr\bin\vcruntime140_1.dll
0x00007ffefb590000 - 0x00007ffefb61d000 	C:\Program Files\Android\Android Studio\jbr\bin\msvcp140.dll
0x00007ffec1e80000 - 0x00007ffec2b03000 	C:\Program Files\Android\Android Studio\jbr\bin\server\jvm.dll
0x00007fff25c00000 - 0x00007fff25caf000 	C:\Windows\System32\ADVAPI32.dll
0x00007fff25e80000 - 0x00007fff25f1f000 	C:\Windows\System32\sechost.dll
0x00007fff26f00000 - 0x00007fff27023000 	C:\Windows\System32\RPCRT4.dll
0x00007fff25530000 - 0x00007fff25557000 	C:\Windows\System32\bcrypt.dll
0x00007fff241e0000 - 0x00007fff2422b000 	C:\Windows\SYSTEM32\POWRPROF.dll
0x00007ffefa1e0000 - 0x00007ffefa1e9000 	C:\Windows\SYSTEM32\WSOCK32.dll
0x00007fff0e180000 - 0x00007fff0e1a7000 	C:\Windows\SYSTEM32\WINMM.dll
0x00007fff214d0000 - 0x00007fff214da000 	C:\Windows\SYSTEM32\VERSION.dll
0x00007fff26b20000 - 0x00007fff26b8b000 	C:\Windows\System32\WS2_32.dll
0x00007fff24050000 - 0x00007fff24062000 	C:\Windows\SYSTEM32\UMPDC.dll
0x00007fff22ad0000 - 0x00007fff22ae2000 	C:\Windows\SYSTEM32\kernel.appcore.dll
0x00007fff204a0000 - 0x00007fff204aa000 	C:\Program Files\Android\Android Studio\jbr\bin\jimage.dll
0x00007fff21e50000 - 0x00007fff22034000 	C:\Windows\SYSTEM32\DBGHELP.DLL
0x00007ffef9f90000 - 0x00007ffef9fc4000 	C:\Windows\SYSTEM32\dbgcore.DLL
0x00007fff24e10000 - 0x00007fff24e92000 	C:\Windows\System32\bcryptPrimitives.dll
0x00007fff0a980000 - 0x00007fff0a9a5000 	C:\Program Files\Android\Android Studio\jbr\bin\java.dll
0x00007fff0a960000 - 0x00007fff0a978000 	C:\Program Files\Android\Android Studio\jbr\bin\zip.dll
0x00007fff25f80000 - 0x00007fff266ed000 	C:\Windows\System32\SHELL32.dll
0x00007fff22cd0000 - 0x00007fff23474000 	C:\Windows\SYSTEM32\windows.storage.dll
0x00007fff26ba0000 - 0x00007fff26ef5000 	C:\Windows\System32\combase.dll
0x00007fff24680000 - 0x00007fff246ab000 	C:\Windows\SYSTEM32\Wldp.dll
0x00007fff26910000 - 0x00007fff269dd000 	C:\Windows\System32\OLEAUT32.dll
0x00007fff266f0000 - 0x00007fff2679d000 	C:\Windows\System32\SHCORE.dll
0x00007fff27190000 - 0x00007fff271e5000 	C:\Windows\System32\shlwapi.dll
0x00007fff24b80000 - 0x00007fff24ba5000 	C:\Windows\SYSTEM32\profapi.dll
0x00007fff065a0000 - 0x00007fff065b9000 	C:\Program Files\Android\Android Studio\jbr\bin\net.dll
0x00007fff1dfd0000 - 0x00007fff1e0da000 	C:\Windows\SYSTEM32\WINHTTP.dll
0x00007fff243e0000 - 0x00007fff2444c000 	C:\Windows\system32\mswsock.dll
0x00007fff06110000 - 0x00007fff06126000 	C:\Program Files\Android\Android Studio\jbr\bin\nio.dll
0x00007fff1d0b0000 - 0x00007fff1d0c0000 	C:\Program Files\Android\Android Studio\jbr\bin\verify.dll

dbghelp: loaded successfully - version: 4.0.5 - missing functions: none
symbol engine: initialized successfully - sym options: 0x614 - pdb path: .;C:\Program Files\Android\Android Studio\jbr\bin;C:\Windows\SYSTEM32;C:\Windows\WinSxS\amd64_microsoft.windows.common-controls_6595b64144ccf1df_6.0.19041.4355_none_60b8b9eb71f62e16;C:\Program Files\Android\Android Studio\jbr\bin\server

VM Arguments:
java_command: org.jetbrains.kotlin.cli.jvm.K2JVMCompiler @C:\Users\Abdelrahman\AndroidStudioProjects\JobSearchApplication (my project)\app\build\20250423_11209140624265192223.compiler.options
java_class_path (initial): C:\Users\Abdelrahman\.gradle\caches\modules-2\files-2.1\org.jetbrains.kotlin\kotlin-compiler-embeddable\1.9.0\2c8c3a7402becca891f12739b3e9fd2dc2adbd7a\kotlin-compiler-embeddable-1.9.0.jar;C:\Users\Abdelrahman\.gradle\caches\modules-2\files-2.1\org.jetbrains.kotlin\kotlin-stdlib\1.9.0\8ee15ef0c67dc83d874f412d84378d7f0eb50b63\kotlin-stdlib-1.9.0.jar;C:\Users\Abdelrahman\.gradle\caches\modules-2\files-2.1\org.jetbrains.kotlin\kotlin-script-runtime\1.9.0\4b3102cbbb7e1b58d9d1adf89563f00069ffa7d1\kotlin-script-runtime-1.9.0.jar;C:\Users\Abdelrahman\.gradle\caches\modules-2\files-2.1\org.jetbrains.kotlin\kotlin-reflect\1.6.10\1cbe9c92c12a94eea200d23c2bbaedaf3daf5132\kotlin-reflect-1.6.10.jar;C:\Users\Abdelrahman\.gradle\caches\modules-2\files-2.1\org.jetbrains.kotlin\kotlin-daemon-embeddable\1.9.0\186543f5e28cf8d9a0290fecc2cf34301c40a65c\kotlin-daemon-embeddable-1.9.0.jar;C:\Users\Abdelrahman\.gradle\caches\modules-2\files-2.1\org.jetbrains.intellij.deps\trove4j\1.0.20200330\3afb14d5f9ceb459d724e907a21145e8ff394f02\trove4j-1.0.20200330.jar;C:\Users\Abdelrahman\.gradle\caches\modules-2\files-2.1\org.jetbrains.kotlin\kotlin-stdlib-common\1.9.0\cd65c21cfd1eec4d44ef09f9f52b6d9f8a720636\kotlin-stdlib-common-1.9.0.jar;C:\Users\Abdelrahman\.gradle\caches\modules-2\files-2.1\org.jetbrains\annotations\13.0\919f0dfe192fb4e063e7dacadee7f8bb9a2672a9\annotations-13.0.jar
Launcher Type: SUN_STANDARD

[Global flags]
     intx CICompilerCount                          = 4                                         {product} {ergonomic}
     uint ConcGCThreads                            = 3                                         {product} {ergonomic}
     uint G1ConcRefinementThreads                  = 10                                        {product} {ergonomic}
   size_t G1HeapRegionSize                         = 2097152                                   {product} {ergonomic}
    uintx GCDrainStackTargetSize                   = 64                                        {product} {ergonomic}
   size_t InitialHeapSize                          = 266338304                                 {product} {ergonomic}
   size_t MarkStackSize                            = 4194304                                   {product} {ergonomic}
   size_t MaxHeapSize                              = 4244635648                                {product} {ergonomic}
   size_t MaxNewSize                               = 2545942528                                {product} {ergonomic}
   size_t MinHeapDeltaBytes                        = 2097152                                   {product} {ergonomic}
   size_t MinHeapSize                              = 8388608                                   {product} {ergonomic}
    uintx NonNMethodCodeHeapSize                   = 5839372                                {pd product} {ergonomic}
    uintx NonProfiledCodeHeapSize                  = 122909434                              {pd product} {ergonomic}
    uintx ProfiledCodeHeapSize                     = 122909434                              {pd product} {ergonomic}
    uintx ReservedCodeCacheSize                    = 251658240                              {pd product} {ergonomic}
     bool SegmentedCodeCache                       = true                                      {product} {ergonomic}
   size_t SoftMaxHeapSize                          = 4244635648                             {manageable} {ergonomic}
     bool UseCompressedClassPointers               = true                           {product lp64_product} {ergonomic}
     bool UseCompressedOops                        = true                           {product lp64_product} {ergonomic}
     bool UseG1GC                                  = true                                      {product} {ergonomic}
     bool UseLargePagesIndividualAllocation        = false                                  {pd product} {ergonomic}

Logging:
Log output configuration:
 #0: stdout all=warning uptime,level,tags
 #1: stderr all=off uptime,level,tags

Environment Variables:
JAVA_HOME=C:\Program Files\Java\jdk-23
PATH=C:\Program Files\Common Files\Oracle\Java\javapath;C:\Program Files (x86)\NVIDIA Corporation\PhysX\Common;C:\Windows\system32;C:\Windows;C:\Windows\System32\Wbem;C:\Windows\System32\WindowsPowerShell\v1.0\;C:\Windows\System32\OpenSSH\;C:\Program Files\Git\cmd;C:\Program Files\Java\jdk-23\bin;E:\MSOffice2021;C:\Users\Abdelrahman\AppData\Local\Programs\Python\Python313;C:\Users\Abdelrahman\AppData\Local\Programs\Python\Python313\Scripts;C:\Program Files (x86)\Microsoft SQL Server\160\Tools\Binn\;C:\Program Files\Microsoft SQL Server\160\Tools\Binn\;C:\Program Files\Microsoft SQL Server\Client SDK\ODBC\170\Tools\Binn\;C:\Program Files\Microsoft SQL Server\160\DTS\Binn\;C:\Program Files (x86)\Microsoft SQL Server\160\DTS\Binn\;C:\Users\Abdelrahman\AppData\Local\Programs\Python\Launcher\;C:\Users\Abdelrahman\AppData\Local\Microsoft\WindowsApps;C:\Users\Abdelrahman\AppData\Local\Programs\Microsoft VS Code\bin;C:\src\flutter\bin;
USERNAME=Abdelrahman
OS=Windows_NT
PROCESSOR_IDENTIFIER=Intel64 Family 6 Model 158 Stepping 13, GenuineIntel
TMP=C:\Users\ABDELR~1\AppData\Local\Temp
TEMP=C:\Users\ABDELR~1\AppData\Local\Temp



Periodic native trim disabled

JNI global refs:
JNI global refs: 11, weak refs: 12

JNI global refs memory usage: 843, weak refs: 841

Process memory usage:
Resident Set Size: 580864K (3% of 16579748K total physical memory with 513192K free physical memory)

OOME stack traces (most recent first):
Classloader memory used:
Loader jdk.internal.loader.ClassLoaders$AppClassLoader                                 : 9678K
Loader bootstrap                                                                       : 1484K
Loader java.net.URLClassLoader                                                         : 324K
Loader jdk.internal.reflect.DelegatingClassLoader                                      : 26042B
Loader jdk.internal.loader.ClassLoaders$PlatformClassLoader                            : 2276B


---------------  S Y S T E M  ---------------

OS:
 Windows 10 , 64 bit Build 19041 (10.0.19041.5438)
OS uptime: 0 days 3:27 hours

CPU: total 12 (initial active 12) (6 cores per cpu, 2 threads per core) family 6 model 158 stepping 13 microcode 0xfa, cx8, cmov, fxsr, ht, mmx, 3dnowpref, sse, sse2, sse3, ssse3, sse4.1, sse4.2, popcnt, lzcnt, tsc, tscinvbit, avx, avx2, aes, erms, clmul, bmi1, bmi2, adx, fma, vzeroupper, clflush, clflushopt
Processor Information for processor 0
  Max Mhz: 2592, Current Mhz: 2592, Mhz Limit: 2592
Processor Information for processor 1
  Max Mhz: 2592, Current Mhz: 1495, Mhz Limit: 2592
Processor Information for processor 2
  Max Mhz: 2592, Current Mhz: 1495, Mhz Limit: 2592
Processor Information for processor 3
  Max Mhz: 2592, Current Mhz: 1495, Mhz Limit: 2592
Processor Information for processor 4
  Max Mhz: 2592, Current Mhz: 1495, Mhz Limit: 2592
Processor Information for processor 5
  Max Mhz: 2592, Current Mhz: 1495, Mhz Limit: 2592
Processor Information for processor 6
  Max Mhz: 2592, Current Mhz: 1495, Mhz Limit: 2592
Processor Information for processor 7
  Max Mhz: 2592, Current Mhz: 1495, Mhz Limit: 2592
Processor Information for processor 8
  Max Mhz: 2592, Current Mhz: 1495, Mhz Limit: 2592
Processor Information for processor 9
  Max Mhz: 2592, Current Mhz: 1495, Mhz Limit: 2592
Processor Information for processor 10
  Max Mhz: 2592, Current Mhz: 2592, Mhz Limit: 2592
Processor Information for processor 11
  Max Mhz: 2592, Current Mhz: 2592, Mhz Limit: 2592

Memory: 4k page, system-wide physical 16191M (501M free)
TotalPageFile size 16191M (AvailPageFile size 4M)
current process WorkingSet (physical memory assigned to process): 567M, peak: 569M
current process commit charge ("private bytes"): 609M, peak: 613M

vm_info: OpenJDK 64-Bit Server VM (17.0.11+0--11852314) for windows-amd64 JRE (17.0.11+0--11852314), built on May 16 2024 21:29:20 by "androidbuild" with MS VC++ 16.10 / 16.11 (VS2019)

END.
