#
# There is insufficient memory for the Java Runtime Environment to continue.
# Native memory allocation (malloc) failed to allocate 2796128 bytes. Error detail: Chunk::new
# Possible reasons:
#   The system is out of physical RAM or swap space
#   This process is running with CompressedOops enabled, and the Java Heap may be blocking the growth of the native heap
# Possible solutions:
#   Reduce memory load on the system
#   Increase physical memory or swap space
#   Check if swap backing store is full
#   Decrease Java heap size (-Xmx/-Xms)
#   Decrease number of Java threads
#   Decrease Java thread stack sizes (-Xss)
#   Set larger code cache with -XX:ReservedCodeCacheSize=
#   JVM is running with Unscaled Compressed Oops mode in which the Java heap is
#     placed in the first 4GB address space. The Java Heap base address is the
#     maximum limit for the native heap growth. Please use -XX:HeapBaseMinAddress
#     to set the Java Heap base and to place the Java Heap above 4GB virtual address.
# This output file may be truncated or incomplete.
#
#  Out of Memory Error (arena.cpp:191), pid=18640, tid=12296
#
# JRE version: OpenJDK Runtime Environment (17.0.11) (build 17.0.11+0--11852314)
# Java VM: OpenJDK 64-Bit Server VM (17.0.11+0--11852314, mixed mode, tiered, compressed oops, compressed class ptrs, g1 gc, windows-amd64)
# No core dump will be written. Minidumps are not enabled by default on client versions of Windows
#

---------------  S U M M A R Y ------------

Command Line: --add-opens=java.base/java.util=ALL-UNNAMED --add-opens=java.base/java.lang=ALL-UNNAMED --add-opens=java.base/java.lang.invoke=ALL-UNNAMED --add-opens=java.prefs/java.util.prefs=ALL-UNNAMED --add-opens=java.base/java.nio.charset=ALL-UNNAMED --add-opens=java.base/java.net=ALL-UNNAMED --add-opens=java.base/java.util.concurrent.atomic=ALL-UNNAMED -Xmx2048m -Dfile.encoding=UTF-8 -Duser.country=US -Duser.language=en -Duser.variant -javaagent:C:\Users\Abdelrahman\.gradle\wrapper\dists\gradle-8.6-bin\afr5mpiioh2wthjmwnkmdsd5w\gradle-8.6\lib\agents\gradle-instrumentation-agent-8.6.jar org.gradle.launcher.daemon.bootstrap.GradleDaemon 8.6

Host: Intel(R) Core(TM) i7-9850H CPU @ 2.60GHz, 12 cores, 15G,  Windows 10 , 64 bit Build 19041 (10.0.19041.5678)
Time: Fri May  2 21:49:06 2025 Egypt Daylight Time elapsed time: 9.759794 seconds (0d 0h 0m 9s)

---------------  T H R E A D  ---------------

Current thread (0x000002b3b05cca80):  JavaThread "C2 CompilerThread1" daemon [_thread_in_native, id=12296, stack(0x000000fb31c00000,0x000000fb31d00000)]


Current CompileTask:
C2:   9760 5169       4       org.objectweb.asm.ClassReader::readCode (5117 bytes)

Stack: [0x000000fb31c00000,0x000000fb31d00000]
Native frames: (J=compiled Java code, j=interpreted, Vv=VM code, C=native code)
V  [jvm.dll+0x687bb9]
V  [jvm.dll+0x84142a]
V  [jvm.dll+0x8430ae]
V  [jvm.dll+0x843713]
V  [jvm.dll+0x24a35f]
V  [jvm.dll+0xac544]
V  [jvm.dll+0xacb8c]
V  [jvm.dll+0x369c37]
V  [jvm.dll+0x1be312]
V  [jvm.dll+0x21c029]
V  [jvm.dll+0x21b311]
V  [jvm.dll+0x1a63ed]
V  [jvm.dll+0x22b1ee]
V  [jvm.dll+0x229375]
V  [jvm.dll+0x7f5647]
V  [jvm.dll+0x7efa4a]
V  [jvm.dll+0x686a35]
C  [ucrtbase.dll+0x21bb2]
C  [KERNEL32.DLL+0x17374]
C  [ntdll.dll+0x4cc91]


---------------  P R O C E S S  ---------------

Threads class SMR info:
_java_thread_list=0x000002b3b67f06d0, length=55, elements={
0x000002b395c7e100, 0x000002b3afd27e60, 0x000002b3afd28f40, 0x000002b3b0001950,
0x000002b3b0004330, 0x000002b3b0018550, 0x000002b3b001b230, 0x000002b3b001be30,
0x000002b3b0024800, 0x000002b3b0025110, 0x000002b3b0134270, 0x000002b3b02934a0,
0x000002b3b5ac1070, 0x000002b3b05ccfa0, 0x000002b3b681c7e0, 0x000002b3b5dca550,
0x000002b3b5dcaa30, 0x000002b3b5ecf040, 0x000002b3b630e2a0, 0x000002b3b5d02c90,
0x000002b3b55a6370, 0x000002b3b55a35e0, 0x000002b3b55a4000, 0x000002b3b55a2bc0,
0x000002b3b55a30d0, 0x000002b3b79203a0, 0x000002b3b791a880, 0x000002b3b79208b0,
0x000002b3b791b2a0, 0x000002b3b791ef60, 0x000002b3b791b7b0, 0x000002b3b7919440,
0x000002b3b791bcc0, 0x000002b3b7919950, 0x000002b3b7920dc0, 0x000002b3b791e030,
0x000002b3b791f980, 0x000002b3b7919e60, 0x000002b3b791a370, 0x000002b3b791d100,
0x000002b3b791c1d0, 0x000002b3b791f470, 0x000002b3b791c6e0, 0x000002b3b791cbf0,
0x000002b3b87226b0, 0x000002b3b871f920, 0x000002b3b8723af0, 0x000002b3b8721c90,
0x000002b3b8724000, 0x000002b3b871fe30, 0x000002b3b871d0a0, 0x000002b3b8724a20,
0x000002b3b8720340, 0x000002b3b871d5b0, 0x000002b3b05cca80
}

Java Threads: ( => current thread )
  0x000002b395c7e100 JavaThread "main" [_thread_blocked, id=9536, stack(0x000000fb30900000,0x000000fb30a00000)]
  0x000002b3afd27e60 JavaThread "Reference Handler" daemon [_thread_blocked, id=14176, stack(0x000000fb31000000,0x000000fb31100000)]
  0x000002b3afd28f40 JavaThread "Finalizer" daemon [_thread_blocked, id=14916, stack(0x000000fb31100000,0x000000fb31200000)]
  0x000002b3b0001950 JavaThread "Signal Dispatcher" daemon [_thread_blocked, id=17308, stack(0x000000fb31200000,0x000000fb31300000)]
  0x000002b3b0004330 JavaThread "Attach Listener" daemon [_thread_blocked, id=19228, stack(0x000000fb31300000,0x000000fb31400000)]
  0x000002b3b0018550 JavaThread "Service Thread" daemon [_thread_blocked, id=18864, stack(0x000000fb31400000,0x000000fb31500000)]
  0x000002b3b001b230 JavaThread "Monitor Deflation Thread" daemon [_thread_blocked, id=14164, stack(0x000000fb31500000,0x000000fb31600000)]
  0x000002b3b001be30 JavaThread "C2 CompilerThread0" daemon [_thread_in_native, id=8788, stack(0x000000fb31600000,0x000000fb31700000)]
  0x000002b3b0024800 JavaThread "C1 CompilerThread0" daemon [_thread_blocked, id=7824, stack(0x000000fb31700000,0x000000fb31800000)]
  0x000002b3b0025110 JavaThread "Sweeper thread" daemon [_thread_blocked, id=17584, stack(0x000000fb31800000,0x000000fb31900000)]
  0x000002b3b0134270 JavaThread "Common-Cleaner" daemon [_thread_blocked, id=18044, stack(0x000000fb31900000,0x000000fb31a00000)]
  0x000002b3b02934a0 JavaThread "Notification Thread" daemon [_thread_blocked, id=17284, stack(0x000000fb31a00000,0x000000fb31b00000)]
  0x000002b3b5ac1070 JavaThread "Daemon health stats" [_thread_blocked, id=18408, stack(0x000000fb32300000,0x000000fb32400000)]
  0x000002b3b05ccfa0 JavaThread "Incoming local TCP Connector on port 65374" [_thread_in_native, id=15556, stack(0x000000fb31d00000,0x000000fb31e00000)]
  0x000002b3b681c7e0 JavaThread "Daemon periodic checks" [_thread_blocked, id=12260, stack(0x000000fb32400000,0x000000fb32500000)]
  0x000002b3b5dca550 JavaThread "Daemon" [_thread_blocked, id=6808, stack(0x000000fb32500000,0x000000fb32600000)]
  0x000002b3b5dcaa30 JavaThread "Handler for socket connection from /127.0.0.1:65374 to /127.0.0.1:65375" [_thread_in_native, id=4252, stack(0x000000fb32600000,0x000000fb32700000)]
  0x000002b3b5ecf040 JavaThread "Cancel handler" [_thread_blocked, id=17500, stack(0x000000fb32700000,0x000000fb32800000)]
  0x000002b3b630e2a0 JavaThread "Daemon worker" [_thread_in_Java, id=12660, stack(0x000000fb32800000,0x000000fb32900000)]
  0x000002b3b5d02c90 JavaThread "Asynchronous log dispatcher for DefaultDaemonConnection: socket connection from /127.0.0.1:65374 to /127.0.0.1:65375" [_thread_blocked, id=19284, stack(0x000000fb32900000,0x000000fb32a00000)]
  0x000002b3b55a6370 JavaThread "Stdin handler" [_thread_blocked, id=17172, stack(0x000000fb32a00000,0x000000fb32b00000)]
  0x000002b3b55a35e0 JavaThread "Daemon client event forwarder" [_thread_blocked, id=17456, stack(0x000000fb32b00000,0x000000fb32c00000)]
  0x000002b3b55a4000 JavaThread "Cache worker for journal cache (C:\Users\Abdelrahman\.gradle\caches\journal-1)" [_thread_blocked, id=2776, stack(0x000000fb33200000,0x000000fb33300000)]
  0x000002b3b55a2bc0 JavaThread "File lock request listener" [_thread_in_native, id=16084, stack(0x000000fb33300000,0x000000fb33400000)]
  0x000002b3b55a30d0 JavaThread "Cache worker for file hash cache (C:\Users\Abdelrahman\.gradle\caches\8.6\fileHashes)" [_thread_blocked, id=12068, stack(0x000000fb33400000,0x000000fb33500000)]
  0x000002b3b79203a0 JavaThread "File watcher server" daemon [_thread_in_native, id=3008, stack(0x000000fb33500000,0x000000fb33600000)]
  0x000002b3b791a880 JavaThread "File watcher consumer" daemon [_thread_blocked, id=9452, stack(0x000000fb33600000,0x000000fb33700000)]
  0x000002b3b79208b0 JavaThread "jar transforms" [_thread_blocked, id=6108, stack(0x000000fb33700000,0x000000fb33800000)]
  0x000002b3b791b2a0 JavaThread "jar transforms Thread 2" [_thread_blocked, id=18696, stack(0x000000fb33800000,0x000000fb33900000)]
  0x000002b3b791ef60 JavaThread "jar transforms Thread 3" [_thread_blocked, id=1840, stack(0x000000fb33900000,0x000000fb33a00000)]
  0x000002b3b791b7b0 JavaThread "jar transforms Thread 4" [_thread_blocked, id=16656, stack(0x000000fb33a00000,0x000000fb33b00000)]
  0x000002b3b7919440 JavaThread "jar transforms Thread 5" [_thread_blocked, id=3028, stack(0x000000fb33b00000,0x000000fb33c00000)]
  0x000002b3b791bcc0 JavaThread "jar transforms Thread 6" [_thread_blocked, id=16456, stack(0x000000fb33c00000,0x000000fb33d00000)]
  0x000002b3b7919950 JavaThread "jar transforms Thread 7" [_thread_blocked, id=1324, stack(0x000000fb33d00000,0x000000fb33e00000)]
  0x000002b3b7920dc0 JavaThread "jar transforms Thread 8" [_thread_blocked, id=12356, stack(0x000000fb33e00000,0x000000fb33f00000)]
  0x000002b3b791e030 JavaThread "jar transforms Thread 9" [_thread_blocked, id=17404, stack(0x000000fb33f00000,0x000000fb34000000)]
  0x000002b3b791f980 JavaThread "jar transforms Thread 10" [_thread_blocked, id=1984, stack(0x000000fb34000000,0x000000fb34100000)]
  0x000002b3b7919e60 JavaThread "jar transforms Thread 11" [_thread_blocked, id=4792, stack(0x000000fb34100000,0x000000fb34200000)]
  0x000002b3b791a370 JavaThread "jar transforms Thread 12" [_thread_blocked, id=13348, stack(0x000000fb34200000,0x000000fb34300000)]
  0x000002b3b791d100 JavaThread "Cache worker for checksums cache (C:\Users\Abdelrahman\AndroidStudioProjects\JobSearchApplication (my project)\.gradle\8.6\checksums)" [_thread_blocked, id=9648, stack(0x000000fb34300000,0x000000fb34400000)]
  0x000002b3b791c1d0 JavaThread "Cache worker for file hash cache (C:\Users\Abdelrahman\AndroidStudioProjects\JobSearchApplication (my project)\.gradle\8.6\fileHashes)" [_thread_blocked, id=10848, stack(0x000000fb34400000,0x000000fb34500000)]
  0x000002b3b791f470 JavaThread "Cache worker for cache directory md-supplier (C:\Users\Abdelrahman\.gradle\caches\8.6\md-supplier)" [_thread_blocked, id=13280, stack(0x000000fb34500000,0x000000fb34600000)]
  0x000002b3b791c6e0 JavaThread "Cache worker for cache directory md-rule (C:\Users\Abdelrahman\.gradle\caches\8.6\md-rule)" [_thread_blocked, id=10104, stack(0x000000fb34600000,0x000000fb34700000)]
  0x000002b3b791cbf0 JavaThread "Cache worker for file content cache (C:\Users\Abdelrahman\.gradle\caches\8.6\fileContent)" [_thread_blocked, id=15896, stack(0x000000fb34800000,0x000000fb34900000)]
  0x000002b3b87226b0 JavaThread "Unconstrained build operations" [_thread_blocked, id=4196, stack(0x000000fb34900000,0x000000fb34a00000)]
  0x000002b3b871f920 JavaThread "Unconstrained build operations Thread 2" [_thread_blocked, id=9320, stack(0x000000fb34a00000,0x000000fb34b00000)]
  0x000002b3b8723af0 JavaThread "Unconstrained build operations Thread 3" [_thread_blocked, id=19064, stack(0x000000fb34b00000,0x000000fb34c00000)]
  0x000002b3b8721c90 JavaThread "Unconstrained build operations Thread 4" [_thread_blocked, id=12936, stack(0x000000fb34c00000,0x000000fb34d00000)]
  0x000002b3b8724000 JavaThread "Unconstrained build operations Thread 5" [_thread_blocked, id=1284, stack(0x000000fb34d00000,0x000000fb34e00000)]
  0x000002b3b871fe30 JavaThread "Unconstrained build operations Thread 6" [_thread_blocked, id=8824, stack(0x000000fb34e00000,0x000000fb34f00000)]
  0x000002b3b871d0a0 JavaThread "Unconstrained build operations Thread 7" [_thread_blocked, id=10948, stack(0x000000fb34f00000,0x000000fb35000000)]
  0x000002b3b8724a20 JavaThread "Unconstrained build operations Thread 8" [_thread_blocked, id=13508, stack(0x000000fb35000000,0x000000fb35100000)]
  0x000002b3b8720340 JavaThread "Unconstrained build operations Thread 9" [_thread_blocked, id=16196, stack(0x000000fb35100000,0x000000fb35200000)]
  0x000002b3b871d5b0 JavaThread "Unconstrained build operations Thread 10" [_thread_blocked, id=15300, stack(0x000000fb35200000,0x000000fb35300000)]
=>0x000002b3b05cca80 JavaThread "C2 CompilerThread1" daemon [_thread_in_native, id=12296, stack(0x000000fb31c00000,0x000000fb31d00000)]

Other Threads:
  0x000002b3afd25490 VMThread "VM Thread" [stack: 0x000000fb30f00000,0x000000fb31000000] [id=13032]
  0x000002b3b02db900 WatcherThread [stack: 0x000000fb31b00000,0x000000fb31c00000] [id=15464]
  0x000002b395cdb7e0 GCTaskThread "GC Thread#0" [stack: 0x000000fb30a00000,0x000000fb30b00000] [id=3324]
  0x000002b3b07837e0 GCTaskThread "GC Thread#1" [stack: 0x000000fb31e00000,0x000000fb31f00000] [id=17520]
  0x000002b3b0783aa0 GCTaskThread "GC Thread#2" [stack: 0x000000fb31f00000,0x000000fb32000000] [id=4008]
  0x000002b3b5721060 GCTaskThread "GC Thread#3" [stack: 0x000000fb32000000,0x000000fb32100000] [id=6496]
  0x000002b3b5721320 GCTaskThread "GC Thread#4" [stack: 0x000000fb32100000,0x000000fb32200000] [id=6856]
  0x000002b3b5a7fec0 GCTaskThread "GC Thread#5" [stack: 0x000000fb32200000,0x000000fb32300000] [id=5356]
  0x000002b3b70752c0 GCTaskThread "GC Thread#6" [stack: 0x000000fb32c00000,0x000000fb32d00000] [id=18648]
  0x000002b3b70747c0 GCTaskThread "GC Thread#7" [stack: 0x000000fb32d00000,0x000000fb32e00000] [id=17636]
  0x000002b3b7073740 GCTaskThread "GC Thread#8" [stack: 0x000000fb32e00000,0x000000fb32f00000] [id=1436]
  0x000002b3b7073a00 GCTaskThread "GC Thread#9" [stack: 0x000000fb32f00000,0x000000fb33000000] [id=12616]
  0x000002b395cec640 ConcurrentGCThread "G1 Main Marker" [stack: 0x000000fb30b00000,0x000000fb30c00000] [id=19356]
  0x000002b395cecf70 ConcurrentGCThread "G1 Conc#0" [stack: 0x000000fb30c00000,0x000000fb30d00000] [id=8392]
  0x000002b3b7073cc0 ConcurrentGCThread "G1 Conc#1" [stack: 0x000000fb33000000,0x000000fb33100000] [id=17008]
  0x000002b3b7074d40 ConcurrentGCThread "G1 Conc#2" [stack: 0x000000fb33100000,0x000000fb33200000] [id=4292]
  0x000002b3afc00910 ConcurrentGCThread "G1 Refine#0" [stack: 0x000000fb30d00000,0x000000fb30e00000] [id=18800]
  0x000002b3b60c37f0 ConcurrentGCThread "G1 Refine#1" [stack: 0x000000fb34700000,0x000000fb34800000] [id=4932]
  0x000002b395d3e7d0 ConcurrentGCThread "G1 Service" [stack: 0x000000fb30e00000,0x000000fb30f00000] [id=12760]

Threads with active compile tasks:
C2 CompilerThread0     9799 5338       4       org.objectweb.asm.signature.SignatureReader::parseType (411 bytes)
C2 CompilerThread1     9799 5169       4       org.objectweb.asm.ClassReader::readCode (5117 bytes)

VM state: not at safepoint (normal execution)

VM Mutex/Monitor currently owned by a thread: None

Heap address: 0x0000000080000000, size: 2048 MB, Compressed Oops mode: 32-bit

CDS archive(s) not mapped
Compressed class space mapped at: 0x0000000100000000-0x0000000140000000, reserved size: 1073741824
Narrow klass base: 0x0000000000000000, Narrow klass shift: 3, Narrow klass range: 0x140000000

GC Precious Log:
 CPUs: 12 total, 12 available
 Memory: 16191M
 Large Page Support: Disabled
 NUMA Support: Disabled
 Compressed Oops: Enabled (32-bit)
 Heap Region Size: 1M
 Heap Min Capacity: 8M
 Heap Initial Capacity: 254M
 Heap Max Capacity: 2G
 Pre-touch: Disabled
 Parallel Workers: 10
 Concurrent Workers: 3
 Concurrent Refinement Workers: 10
 Periodic GC: Disabled

Heap:
 garbage-first heap   total 146432K, used 110939K [0x0000000080000000, 0x0000000100000000)
  region size 1024K, 44 young (45056K), 2 survivors (2048K)
 Metaspace       used 53899K, committed 54464K, reserved 1114112K
  class space    used 7164K, committed 7424K, reserved 1048576K

Heap Regions: E=young(eden), S=young(survivor), O=old, HS=humongous(starts), HC=humongous(continues), CS=collection set, F=free, OA=open archive, CA=closed archive, TAMS=top-at-mark-start (previous, next)
|   0|0x0000000080000000, 0x0000000080100000, 0x0000000080100000|100%|HS|  |TAMS 0x0000000080100000, 0x0000000080000000| Complete 
|   1|0x0000000080100000, 0x0000000080200000, 0x0000000080200000|100%|HC|  |TAMS 0x0000000080200000, 0x0000000080100000| Complete 
|   2|0x0000000080200000, 0x0000000080300000, 0x0000000080300000|100%|HC|  |TAMS 0x0000000080300000, 0x0000000080200000| Complete 
|   3|0x0000000080300000, 0x0000000080400000, 0x0000000080400000|100%|HC|  |TAMS 0x0000000080400000, 0x0000000080300000| Complete 
|   4|0x0000000080400000, 0x0000000080500000, 0x0000000080500000|100%| O|  |TAMS 0x0000000080500000, 0x0000000080400000| Untracked 
|   5|0x0000000080500000, 0x0000000080600000, 0x0000000080600000|100%| O|  |TAMS 0x0000000080600000, 0x0000000080500000| Untracked 
|   6|0x0000000080600000, 0x0000000080700000, 0x0000000080700000|100%| O|  |TAMS 0x0000000080700000, 0x0000000080600000| Untracked 
|   7|0x0000000080700000, 0x0000000080800000, 0x0000000080800000|100%| O|  |TAMS 0x0000000080800000, 0x0000000080700000| Untracked 
|   8|0x0000000080800000, 0x0000000080900000, 0x0000000080900000|100%| O|  |TAMS 0x0000000080900000, 0x0000000080800000| Untracked 
|   9|0x0000000080900000, 0x0000000080a00000, 0x0000000080a00000|100%| O|  |TAMS 0x0000000080a00000, 0x0000000080900000| Untracked 
|  10|0x0000000080a00000, 0x0000000080a00000, 0x0000000080b00000|  0%| F|  |TAMS 0x0000000080a00000, 0x0000000080a00000| Untracked 
|  11|0x0000000080b00000, 0x0000000080c00000, 0x0000000080c00000|100%| O|  |TAMS 0x0000000080c00000, 0x0000000080b00000| Untracked 
|  12|0x0000000080c00000, 0x0000000080d00000, 0x0000000080d00000|100%| O|  |TAMS 0x0000000080d00000, 0x0000000080c00000| Untracked 
|  13|0x0000000080d00000, 0x0000000080e00000, 0x0000000080e00000|100%| O|  |TAMS 0x0000000080e00000, 0x0000000080d00000| Untracked 
|  14|0x0000000080e00000, 0x0000000080f00000, 0x0000000080f00000|100%| O|  |TAMS 0x0000000080f00000, 0x0000000080e00000| Untracked 
|  15|0x0000000080f00000, 0x0000000081000000, 0x0000000081000000|100%| O|  |TAMS 0x0000000081000000, 0x0000000080f00000| Untracked 
|  16|0x0000000081000000, 0x0000000081100000, 0x0000000081100000|100%| O|  |TAMS 0x0000000081100000, 0x0000000081000000| Untracked 
|  17|0x0000000081100000, 0x0000000081200000, 0x0000000081200000|100%| O|  |TAMS 0x0000000081200000, 0x0000000081100000| Untracked 
|  18|0x0000000081200000, 0x0000000081300000, 0x0000000081300000|100%| O|  |TAMS 0x0000000081300000, 0x0000000081200000| Untracked 
|  19|0x0000000081300000, 0x0000000081400000, 0x0000000081400000|100%| O|  |TAMS 0x0000000081400000, 0x0000000081300000| Untracked 
|  20|0x0000000081400000, 0x0000000081500000, 0x0000000081500000|100%|HS|  |TAMS 0x0000000081500000, 0x0000000081400000| Complete 
|  21|0x0000000081500000, 0x0000000081600000, 0x0000000081600000|100%|HC|  |TAMS 0x0000000081600000, 0x0000000081500000| Complete 
|  22|0x0000000081600000, 0x0000000081700000, 0x0000000081700000|100%|HC|  |TAMS 0x0000000081700000, 0x0000000081600000| Complete 
|  23|0x0000000081700000, 0x0000000081800000, 0x0000000081800000|100%|HC|  |TAMS 0x0000000081800000, 0x0000000081700000| Complete 
|  24|0x0000000081800000, 0x0000000081900000, 0x0000000081900000|100%|HC|  |TAMS 0x0000000081900000, 0x0000000081800000| Complete 
|  25|0x0000000081900000, 0x0000000081a00000, 0x0000000081a00000|100%|HS|  |TAMS 0x0000000081a00000, 0x0000000081900000| Complete 
|  26|0x0000000081a00000, 0x0000000081b00000, 0x0000000081b00000|100%|HC|  |TAMS 0x0000000081b00000, 0x0000000081a00000| Complete 
|  27|0x0000000081b00000, 0x0000000081c00000, 0x0000000081c00000|100%|HC|  |TAMS 0x0000000081c00000, 0x0000000081b00000| Complete 
|  28|0x0000000081c00000, 0x0000000081d00000, 0x0000000081d00000|100%|HS|  |TAMS 0x0000000081d00000, 0x0000000081c00000| Complete 
|  29|0x0000000081d00000, 0x0000000081e00000, 0x0000000081e00000|100%|HC|  |TAMS 0x0000000081e00000, 0x0000000081d00000| Complete 
|  30|0x0000000081e00000, 0x0000000081f00000, 0x0000000081f00000|100%|HC|  |TAMS 0x0000000081f00000, 0x0000000081e00000| Complete 
|  31|0x0000000081f00000, 0x0000000082000000, 0x0000000082000000|100%|HS|  |TAMS 0x0000000082000000, 0x0000000081f00000| Complete 
|  32|0x0000000082000000, 0x0000000082100000, 0x0000000082100000|100%| O|  |TAMS 0x0000000082100000, 0x0000000082000000| Untracked 
|  33|0x0000000082100000, 0x0000000082200000, 0x0000000082200000|100%| O|  |TAMS 0x0000000082200000, 0x0000000082100000| Untracked 
|  34|0x0000000082200000, 0x0000000082300000, 0x0000000082300000|100%| O|  |TAMS 0x0000000082300000, 0x0000000082200000| Untracked 
|  35|0x0000000082300000, 0x0000000082400000, 0x0000000082400000|100%| O|  |TAMS 0x0000000082400000, 0x0000000082300000| Untracked 
|  36|0x0000000082400000, 0x0000000082500000, 0x0000000082500000|100%| O|  |TAMS 0x0000000082500000, 0x0000000082400000| Untracked 
|  37|0x0000000082500000, 0x0000000082600000, 0x0000000082600000|100%| O|  |TAMS 0x0000000082600000, 0x0000000082500000| Untracked 
|  38|0x0000000082600000, 0x0000000082700000, 0x0000000082700000|100%| O|  |TAMS 0x0000000082700000, 0x0000000082600000| Untracked 
|  39|0x0000000082700000, 0x0000000082800000, 0x0000000082800000|100%| O|  |TAMS 0x0000000082800000, 0x0000000082700000| Untracked 
|  40|0x0000000082800000, 0x0000000082900000, 0x0000000082900000|100%| O|  |TAMS 0x0000000082900000, 0x0000000082800000| Untracked 
|  41|0x0000000082900000, 0x0000000082a00000, 0x0000000082a00000|100%| O|  |TAMS 0x0000000082a00000, 0x0000000082900000| Untracked 
|  42|0x0000000082a00000, 0x0000000082b00000, 0x0000000082b00000|100%| O|  |TAMS 0x0000000082b00000, 0x0000000082a00000| Untracked 
|  43|0x0000000082b00000, 0x0000000082c00000, 0x0000000082c00000|100%| O|  |TAMS 0x0000000082c00000, 0x0000000082b00000| Untracked 
|  44|0x0000000082c00000, 0x0000000082d00000, 0x0000000082d00000|100%| O|  |TAMS 0x0000000082d00000, 0x0000000082c00000| Untracked 
|  45|0x0000000082d00000, 0x0000000082e00000, 0x0000000082e00000|100%| O|  |TAMS 0x0000000082e00000, 0x0000000082d00000| Untracked 
|  46|0x0000000082e00000, 0x0000000082f00000, 0x0000000082f00000|100%| O|  |TAMS 0x0000000082f00000, 0x0000000082e00000| Untracked 
|  47|0x0000000082f00000, 0x0000000083000000, 0x0000000083000000|100%| O|  |TAMS 0x0000000083000000, 0x0000000082f00000| Untracked 
|  48|0x0000000083000000, 0x0000000083100000, 0x0000000083100000|100%| O|  |TAMS 0x0000000083100000, 0x0000000083000000| Untracked 
|  49|0x0000000083100000, 0x0000000083200000, 0x0000000083200000|100%|HS|  |TAMS 0x0000000083200000, 0x0000000083100000| Complete 
|  50|0x0000000083200000, 0x0000000083300000, 0x0000000083300000|100%|HC|  |TAMS 0x0000000083300000, 0x0000000083200000| Complete 
|  51|0x0000000083300000, 0x0000000083400000, 0x0000000083400000|100%|HC|  |TAMS 0x0000000083400000, 0x0000000083300000| Complete 
|  52|0x0000000083400000, 0x0000000083500000, 0x0000000083500000|100%|HS|  |TAMS 0x0000000083500000, 0x0000000083400000| Complete 
|  53|0x0000000083500000, 0x0000000083600000, 0x0000000083600000|100%|HC|  |TAMS 0x0000000083600000, 0x0000000083500000| Complete 
|  54|0x0000000083600000, 0x0000000083700000, 0x0000000083700000|100%|HC|  |TAMS 0x0000000083700000, 0x0000000083600000| Complete 
|  55|0x0000000083700000, 0x0000000083800000, 0x0000000083800000|100%|HC|  |TAMS 0x0000000083800000, 0x0000000083700000| Complete 
|  56|0x0000000083800000, 0x0000000083900000, 0x0000000083900000|100%|HC|  |TAMS 0x0000000083900000, 0x0000000083800000| Complete 
|  57|0x0000000083900000, 0x0000000083a00000, 0x0000000083a00000|100%| O|  |TAMS 0x0000000083a00000, 0x0000000083900000| Untracked 
|  58|0x0000000083a00000, 0x0000000083b00000, 0x0000000083b00000|100%|HS|  |TAMS 0x0000000083b00000, 0x0000000083a00000| Complete 
|  59|0x0000000083b00000, 0x0000000083c00000, 0x0000000083c00000|100%|HC|  |TAMS 0x0000000083c00000, 0x0000000083b00000| Complete 
|  60|0x0000000083c00000, 0x0000000083d00000, 0x0000000083d00000|100%|HC|  |TAMS 0x0000000083d00000, 0x0000000083c00000| Complete 
|  61|0x0000000083d00000, 0x0000000083e00000, 0x0000000083e00000|100%|HC|  |TAMS 0x0000000083e00000, 0x0000000083d00000| Complete 
|  62|0x0000000083e00000, 0x0000000083f00000, 0x0000000083f00000|100%|HC|  |TAMS 0x0000000083f00000, 0x0000000083e00000| Complete 
|  63|0x0000000083f00000, 0x0000000084000000, 0x0000000084000000|100%| O|  |TAMS 0x0000000084000000, 0x0000000083f00000| Untracked 
|  64|0x0000000084000000, 0x0000000084100000, 0x0000000084100000|100%| O|  |TAMS 0x0000000084100000, 0x0000000084000000| Untracked 
|  65|0x0000000084100000, 0x0000000084200000, 0x0000000084200000|100%| O|  |TAMS 0x0000000084200000, 0x0000000084100000| Untracked 
|  66|0x0000000084200000, 0x00000000842f3800, 0x0000000084300000| 95%| O|  |TAMS 0x00000000842f3800, 0x0000000084200000| Untracked 
|  67|0x0000000084300000, 0x0000000084300000, 0x0000000084400000|  0%| F|  |TAMS 0x0000000084300000, 0x0000000084300000| Untracked 
|  68|0x0000000084400000, 0x0000000084400000, 0x0000000084500000|  0%| F|  |TAMS 0x0000000084400000, 0x0000000084400000| Untracked 
|  69|0x0000000084500000, 0x0000000084500000, 0x0000000084600000|  0%| F|  |TAMS 0x0000000084500000, 0x0000000084500000| Untracked 
|  70|0x0000000084600000, 0x0000000084600000, 0x0000000084700000|  0%| F|  |TAMS 0x0000000084600000, 0x0000000084600000| Untracked 
|  71|0x0000000084700000, 0x0000000084700000, 0x0000000084800000|  0%| F|  |TAMS 0x0000000084700000, 0x0000000084700000| Untracked 
|  72|0x0000000084800000, 0x0000000084800000, 0x0000000084900000|  0%| F|  |TAMS 0x0000000084800000, 0x0000000084800000| Untracked 
|  73|0x0000000084900000, 0x0000000084900000, 0x0000000084a00000|  0%| F|  |TAMS 0x0000000084900000, 0x0000000084900000| Untracked 
|  74|0x0000000084a00000, 0x0000000084a00000, 0x0000000084b00000|  0%| F|  |TAMS 0x0000000084a00000, 0x0000000084a00000| Untracked 
|  75|0x0000000084b00000, 0x0000000084b00000, 0x0000000084c00000|  0%| F|  |TAMS 0x0000000084b00000, 0x0000000084b00000| Untracked 
|  76|0x0000000084c00000, 0x0000000084c00000, 0x0000000084d00000|  0%| F|  |TAMS 0x0000000084c00000, 0x0000000084c00000| Untracked 
|  77|0x0000000084d00000, 0x0000000084d00000, 0x0000000084e00000|  0%| F|  |TAMS 0x0000000084d00000, 0x0000000084d00000| Untracked 
|  78|0x0000000084e00000, 0x0000000084e00000, 0x0000000084f00000|  0%| F|  |TAMS 0x0000000084e00000, 0x0000000084e00000| Untracked 
|  79|0x0000000084f00000, 0x0000000084f00000, 0x0000000085000000|  0%| F|  |TAMS 0x0000000084f00000, 0x0000000084f00000| Untracked 
|  80|0x0000000085000000, 0x0000000085000000, 0x0000000085100000|  0%| F|  |TAMS 0x0000000085000000, 0x0000000085000000| Untracked 
|  81|0x0000000085100000, 0x0000000085100000, 0x0000000085200000|  0%| F|  |TAMS 0x0000000085100000, 0x0000000085100000| Untracked 
|  82|0x0000000085200000, 0x0000000085200000, 0x0000000085300000|  0%| F|  |TAMS 0x0000000085200000, 0x0000000085200000| Untracked 
|  83|0x0000000085300000, 0x0000000085300000, 0x0000000085400000|  0%| F|  |TAMS 0x0000000085300000, 0x0000000085300000| Untracked 
|  84|0x0000000085400000, 0x0000000085400000, 0x0000000085500000|  0%| F|  |TAMS 0x0000000085400000, 0x0000000085400000| Untracked 
|  85|0x0000000085500000, 0x0000000085500000, 0x0000000085600000|  0%| F|  |TAMS 0x0000000085500000, 0x0000000085500000| Untracked 
|  86|0x0000000085600000, 0x0000000085600000, 0x0000000085700000|  0%| F|  |TAMS 0x0000000085600000, 0x0000000085600000| Untracked 
|  87|0x0000000085700000, 0x0000000085700000, 0x0000000085800000|  0%| F|  |TAMS 0x0000000085700000, 0x0000000085700000| Untracked 
|  88|0x0000000085800000, 0x0000000085800000, 0x0000000085900000|  0%| F|  |TAMS 0x0000000085800000, 0x0000000085800000| Untracked 
|  89|0x0000000085900000, 0x0000000085900000, 0x0000000085a00000|  0%| F|  |TAMS 0x0000000085900000, 0x0000000085900000| Untracked 
|  90|0x0000000085a00000, 0x0000000085a00000, 0x0000000085b00000|  0%| F|  |TAMS 0x0000000085a00000, 0x0000000085a00000| Untracked 
|  91|0x0000000085b00000, 0x0000000085b00000, 0x0000000085c00000|  0%| F|  |TAMS 0x0000000085b00000, 0x0000000085b00000| Untracked 
|  92|0x0000000085c00000, 0x0000000085c00000, 0x0000000085d00000|  0%| F|  |TAMS 0x0000000085c00000, 0x0000000085c00000| Untracked 
|  93|0x0000000085d00000, 0x0000000085d63600, 0x0000000085e00000| 38%| S|CS|TAMS 0x0000000085d00000, 0x0000000085d00000| Complete 
|  94|0x0000000085e00000, 0x0000000085f00000, 0x0000000085f00000|100%| S|CS|TAMS 0x0000000085e00000, 0x0000000085e00000| Complete 
|  95|0x0000000085f00000, 0x0000000085f00000, 0x0000000086000000|  0%| F|  |TAMS 0x0000000085f00000, 0x0000000085f00000| Untracked 
|  96|0x0000000086000000, 0x0000000086000000, 0x0000000086100000|  0%| F|  |TAMS 0x0000000086000000, 0x0000000086000000| Untracked 
|  97|0x0000000086100000, 0x0000000086100000, 0x0000000086200000|  0%| F|  |TAMS 0x0000000086100000, 0x0000000086100000| Untracked 
|  98|0x0000000086200000, 0x0000000086200000, 0x0000000086300000|  0%| F|  |TAMS 0x0000000086200000, 0x0000000086200000| Untracked 
|  99|0x0000000086300000, 0x0000000086300000, 0x0000000086400000|  0%| F|  |TAMS 0x0000000086300000, 0x0000000086300000| Untracked 
| 100|0x0000000086400000, 0x0000000086480800, 0x0000000086500000| 50%| E|  |TAMS 0x0000000086400000, 0x0000000086400000| Complete 
| 101|0x0000000086500000, 0x0000000086600000, 0x0000000086600000|100%| E|CS|TAMS 0x0000000086500000, 0x0000000086500000| Complete 
| 102|0x0000000086600000, 0x0000000086700000, 0x0000000086700000|100%| E|CS|TAMS 0x0000000086600000, 0x0000000086600000| Complete 
| 103|0x0000000086700000, 0x0000000086800000, 0x0000000086800000|100%| E|CS|TAMS 0x0000000086700000, 0x0000000086700000| Complete 
| 104|0x0000000086800000, 0x0000000086900000, 0x0000000086900000|100%| E|CS|TAMS 0x0000000086800000, 0x0000000086800000| Complete 
| 105|0x0000000086900000, 0x0000000086a00000, 0x0000000086a00000|100%| E|CS|TAMS 0x0000000086900000, 0x0000000086900000| Complete 
| 106|0x0000000086a00000, 0x0000000086b00000, 0x0000000086b00000|100%| E|CS|TAMS 0x0000000086a00000, 0x0000000086a00000| Complete 
| 107|0x0000000086b00000, 0x0000000086c00000, 0x0000000086c00000|100%| E|CS|TAMS 0x0000000086b00000, 0x0000000086b00000| Complete 
| 108|0x0000000086c00000, 0x0000000086d00000, 0x0000000086d00000|100%| E|CS|TAMS 0x0000000086c00000, 0x0000000086c00000| Complete 
| 109|0x0000000086d00000, 0x0000000086e00000, 0x0000000086e00000|100%| E|CS|TAMS 0x0000000086d00000, 0x0000000086d00000| Complete 
| 110|0x0000000086e00000, 0x0000000086f00000, 0x0000000086f00000|100%| E|CS|TAMS 0x0000000086e00000, 0x0000000086e00000| Complete 
| 111|0x0000000086f00000, 0x0000000087000000, 0x0000000087000000|100%| E|CS|TAMS 0x0000000086f00000, 0x0000000086f00000| Complete 
| 112|0x0000000087000000, 0x0000000087100000, 0x0000000087100000|100%| E|CS|TAMS 0x0000000087000000, 0x0000000087000000| Complete 
| 113|0x0000000087100000, 0x0000000087200000, 0x0000000087200000|100%| E|CS|TAMS 0x0000000087100000, 0x0000000087100000| Complete 
| 114|0x0000000087200000, 0x0000000087300000, 0x0000000087300000|100%| E|CS|TAMS 0x0000000087200000, 0x0000000087200000| Complete 
| 115|0x0000000087300000, 0x0000000087400000, 0x0000000087400000|100%| E|CS|TAMS 0x0000000087300000, 0x0000000087300000| Complete 
| 116|0x0000000087400000, 0x0000000087500000, 0x0000000087500000|100%| E|CS|TAMS 0x0000000087400000, 0x0000000087400000| Complete 
| 117|0x0000000087500000, 0x0000000087600000, 0x0000000087600000|100%| E|CS|TAMS 0x0000000087500000, 0x0000000087500000| Complete 
| 118|0x0000000087600000, 0x0000000087700000, 0x0000000087700000|100%| E|CS|TAMS 0x0000000087600000, 0x0000000087600000| Complete 
| 119|0x0000000087700000, 0x0000000087800000, 0x0000000087800000|100%| E|CS|TAMS 0x0000000087700000, 0x0000000087700000| Complete 
| 120|0x0000000087800000, 0x0000000087900000, 0x0000000087900000|100%| E|CS|TAMS 0x0000000087800000, 0x0000000087800000| Complete 
| 121|0x0000000087900000, 0x0000000087a00000, 0x0000000087a00000|100%| E|CS|TAMS 0x0000000087900000, 0x0000000087900000| Complete 
| 122|0x0000000087a00000, 0x0000000087b00000, 0x0000000087b00000|100%| E|CS|TAMS 0x0000000087a00000, 0x0000000087a00000| Complete 
| 123|0x0000000087b00000, 0x0000000087c00000, 0x0000000087c00000|100%| E|CS|TAMS 0x0000000087b00000, 0x0000000087b00000| Complete 
| 124|0x0000000087c00000, 0x0000000087d00000, 0x0000000087d00000|100%| E|CS|TAMS 0x0000000087c00000, 0x0000000087c00000| Complete 
| 125|0x0000000087d00000, 0x0000000087e00000, 0x0000000087e00000|100%| E|CS|TAMS 0x0000000087d00000, 0x0000000087d00000| Complete 
| 126|0x0000000087e00000, 0x0000000087f00000, 0x0000000087f00000|100%| E|CS|TAMS 0x0000000087e00000, 0x0000000087e00000| Complete 
| 127|0x0000000087f00000, 0x0000000088000000, 0x0000000088000000|100%| E|CS|TAMS 0x0000000087f00000, 0x0000000087f00000| Complete 
| 128|0x0000000088000000, 0x0000000088100000, 0x0000000088100000|100%| E|CS|TAMS 0x0000000088000000, 0x0000000088000000| Complete 
| 129|0x0000000088100000, 0x0000000088200000, 0x0000000088200000|100%| E|CS|TAMS 0x0000000088100000, 0x0000000088100000| Complete 
| 130|0x0000000088200000, 0x0000000088300000, 0x0000000088300000|100%| E|CS|TAMS 0x0000000088200000, 0x0000000088200000| Complete 
| 131|0x0000000088300000, 0x0000000088400000, 0x0000000088400000|100%| E|CS|TAMS 0x0000000088300000, 0x0000000088300000| Complete 
| 195|0x000000008c300000, 0x000000008c400000, 0x000000008c400000|100%| E|CS|TAMS 0x000000008c300000, 0x000000008c300000| Complete 
| 196|0x000000008c400000, 0x000000008c500000, 0x000000008c500000|100%| E|CS|TAMS 0x000000008c400000, 0x000000008c400000| Complete 
| 197|0x000000008c500000, 0x000000008c600000, 0x000000008c600000|100%| E|CS|TAMS 0x000000008c500000, 0x000000008c500000| Complete 
| 198|0x000000008c600000, 0x000000008c700000, 0x000000008c700000|100%| E|CS|TAMS 0x000000008c600000, 0x000000008c600000| Complete 
| 199|0x000000008c700000, 0x000000008c800000, 0x000000008c800000|100%| E|CS|TAMS 0x000000008c700000, 0x000000008c700000| Complete 
| 200|0x000000008c800000, 0x000000008c900000, 0x000000008c900000|100%| E|CS|TAMS 0x000000008c800000, 0x000000008c800000| Complete 
| 201|0x000000008c900000, 0x000000008ca00000, 0x000000008ca00000|100%| E|CS|TAMS 0x000000008c900000, 0x000000008c900000| Complete 
| 202|0x000000008ca00000, 0x000000008cb00000, 0x000000008cb00000|100%| E|CS|TAMS 0x000000008ca00000, 0x000000008ca00000| Complete 
| 203|0x000000008cb00000, 0x000000008cc00000, 0x000000008cc00000|100%| E|CS|TAMS 0x000000008cb00000, 0x000000008cb00000| Complete 
| 252|0x000000008fc00000, 0x000000008fd00000, 0x000000008fd00000|100%| E|CS|TAMS 0x000000008fc00000, 0x000000008fc00000| Complete 
| 253|0x000000008fd00000, 0x000000008fe00000, 0x000000008fe00000|100%| E|CS|TAMS 0x000000008fd00000, 0x000000008fd00000| Complete 

Card table byte_map: [0x000002b3a8ab0000,0x000002b3a8eb0000] _byte_map_base: 0x000002b3a86b0000

Marking Bits (Prev, Next): (CMBitMap*) 0x000002b395cdbd10, (CMBitMap*) 0x000002b395cdbd50
 Prev Bits: [0x000002b3a92b0000, 0x000002b3ab2b0000)
 Next Bits: [0x000002b3ab2b0000, 0x000002b3ad2b0000)

Polling page: 0x000002b393c80000

Metaspace:

Usage:
  Non-class:     45.64 MB used.
      Class:      7.00 MB used.
       Both:     52.64 MB used.

Virtual space:
  Non-class space:       64.00 MB reserved,      45.94 MB ( 72%) committed,  1 nodes.
      Class space:        1.00 GB reserved,       7.25 MB ( <1%) committed,  1 nodes.
             Both:        1.06 GB reserved,      53.19 MB (  5%) committed. 

Chunk freelists:
   Non-Class:  2.08 MB
       Class:  8.73 MB
        Both:  10.81 MB

MaxMetaspaceSize: unlimited
CompressedClassSpaceSize: 1.00 GB
Initial GC threshold: 21.00 MB
Current GC threshold: 88.44 MB
CDS: off
MetaspaceReclaimPolicy: balanced
 - commit_granule_bytes: 65536.
 - commit_granule_words: 8192.
 - virtual_space_node_default_size: 8388608.
 - enlarge_chunks_in_place: 1.
 - new_chunks_are_fully_committed: 0.
 - uncommit_free_chunks: 1.
 - use_allocation_guard: 0.
 - handle_deallocations: 1.


Internal statistics:

num_allocs_failed_limit: 6.
num_arena_births: 630.
num_arena_deaths: 0.
num_vsnodes_births: 2.
num_vsnodes_deaths: 0.
num_space_committed: 851.
num_space_uncommitted: 0.
num_chunks_returned_to_freelist: 6.
num_chunks_taken_from_freelist: 2421.
num_chunk_merges: 3.
num_chunk_splits: 1569.
num_chunks_enlarged: 1040.
num_inconsistent_stats: 0.

CodeHeap 'non-profiled nmethods': size=120000Kb used=2319Kb max_used=3097Kb free=117680Kb
 bounds [0x000002b3a0c30000, 0x000002b3a0f40000, 0x000002b3a8160000]
CodeHeap 'profiled nmethods': size=120000Kb used=9122Kb max_used=10526Kb free=110877Kb
 bounds [0x000002b399160000, 0x000002b399bb0000, 0x000002b3a0690000]
CodeHeap 'non-nmethods': size=5760Kb used=2311Kb max_used=2377Kb free=3448Kb
 bounds [0x000002b3a0690000, 0x000002b3a0900000, 0x000002b3a0c30000]
 total_blobs=5369 nmethods=4543 adapters=737
 compilation: enabled
              stopped_count=0, restarted_count=0
 full_count=0

Compilation events (20 events):
Event: 9.406 Thread 0x000002b3b001be30 nmethod 5279 0x000002b3a0d5cd90 code [0x000002b3a0d5d700, 0x000002b3a0d65f48]
Event: 9.407 Thread 0x000002b3b001be30 5338       4       org.objectweb.asm.signature.SignatureReader::parseType (411 bytes)
Event: 9.410 Thread 0x000002b3b0024800 5373       2       org.objectweb.asm.AnnotationWriter::visit (935 bytes)
Event: 9.412 Thread 0x000002b3b0024800 nmethod 5373 0x000002b399249b10 code [0x000002b399249fe0, 0x000002b39924b8b8]
Event: 9.429 Thread 0x000002b3b0024800 5375       2       org.objectweb.asm.commons.AnnotationRemapper::visit (18 bytes)
Event: 9.429 Thread 0x000002b3b0024800 nmethod 5375 0x000002b39955fb10 code [0x000002b39955fcc0, 0x000002b39955fe58]
Event: 9.429 Thread 0x000002b3b0024800 5376       2       org.objectweb.asm.AnnotationVisitor::visit (17 bytes)
Event: 9.429 Thread 0x000002b3b0024800 nmethod 5376 0x000002b39955f590 code [0x000002b39955f720, 0x000002b39955f848]
Event: 9.500 Thread 0x000002b3b0024800 5378       2       org.objectweb.asm.ClassVisitor::visitOuterClass (18 bytes)
Event: 9.500 Thread 0x000002b3b0024800 nmethod 5378 0x000002b399a0e310 code [0x000002b399a0e4a0, 0x000002b399a0e5c8]
Event: 9.523 Thread 0x000002b3b0024800 5379       2       org.objectweb.asm.ClassWriter::visitOuterClass (37 bytes)
Event: 9.524 Thread 0x000002b3b0024800 nmethod 5379 0x000002b399a0de10 code [0x000002b399a0dfc0, 0x000002b399a0e178]
Event: 9.536 Thread 0x000002b3b0024800 5380       2       org.objectweb.asm.ByteVector::putLong (145 bytes)
Event: 9.536 Thread 0x000002b3b0024800 nmethod 5380 0x000002b399a0d690 code [0x000002b399a0d840, 0x000002b399a0dae8]
Event: 9.537 Thread 0x000002b3b0024800 5381       2       org.objectweb.asm.commons.ClassRemapper::visitOuterClass (47 bytes)
Event: 9.538 Thread 0x000002b3b0024800 nmethod 5381 0x000002b3991db490 code [0x000002b3991db660, 0x000002b3991db928]
Event: 9.632 Thread 0x000002b3b0024800 5384       2       org.objectweb.asm.commons.ClassRemapper::visitTypeAnnotation (35 bytes)
Event: 9.633 Thread 0x000002b3b0024800 nmethod 5384 0x000002b3991dae10 code [0x000002b3991dafe0, 0x000002b3991db228]
Event: 9.633 Thread 0x000002b3b0024800 5385       2       org.objectweb.asm.ClassVisitor::visitTypeAnnotation (41 bytes)
Event: 9.634 Thread 0x000002b3b0024800 nmethod 5385 0x000002b39933ed90 code [0x000002b39933ef40, 0x000002b39933f178]

GC Heap History (20 events):
Event: 7.250 GC heap before
{Heap before GC invocations=18 (full 0):
 garbage-first heap   total 102400K, used 63610K [0x0000000080000000, 0x0000000100000000)
  region size 1024K, 9 young (9216K), 2 survivors (2048K)
 Metaspace       used 50755K, committed 51264K, reserved 1114112K
  class space    used 6874K, committed 7104K, reserved 1048576K
}
Event: 7.254 GC heap after
{Heap after GC invocations=19 (full 0):
 garbage-first heap   total 102400K, used 60918K [0x0000000080000000, 0x0000000100000000)
  region size 1024K, 3 young (3072K), 3 survivors (3072K)
 Metaspace       used 50755K, committed 51264K, reserved 1114112K
  class space    used 6874K, committed 7104K, reserved 1048576K
}
Event: 7.306 GC heap before
{Heap before GC invocations=20 (full 0):
 garbage-first heap   total 116736K, used 70134K [0x0000000080000000, 0x0000000100000000)
  region size 1024K, 8 young (8192K), 3 survivors (3072K)
 Metaspace       used 51110K, committed 51584K, reserved 1114112K
  class space    used 6899K, committed 7104K, reserved 1048576K
}
Event: 7.309 GC heap after
{Heap after GC invocations=21 (full 0):
 garbage-first heap   total 116736K, used 67649K [0x0000000080000000, 0x0000000100000000)
  region size 1024K, 2 young (2048K), 2 survivors (2048K)
 Metaspace       used 51110K, committed 51584K, reserved 1114112K
  class space    used 6899K, committed 7104K, reserved 1048576K
}
Event: 7.538 GC heap before
{Heap before GC invocations=22 (full 0):
 garbage-first heap   total 121856K, used 86081K [0x0000000080000000, 0x0000000100000000)
  region size 1024K, 18 young (18432K), 2 survivors (2048K)
 Metaspace       used 53371K, committed 53888K, reserved 1114112K
  class space    used 7136K, committed 7360K, reserved 1048576K
}
Event: 7.541 GC heap after
{Heap after GC invocations=23 (full 0):
 garbage-first heap   total 121856K, used 67606K [0x0000000080000000, 0x0000000100000000)
  region size 1024K, 2 young (2048K), 2 survivors (2048K)
 Metaspace       used 53371K, committed 53888K, reserved 1114112K
  class space    used 7136K, committed 7360K, reserved 1048576K
}
Event: 7.553 GC heap before
{Heap before GC invocations=23 (full 0):
 garbage-first heap   total 121856K, used 70678K [0x0000000080000000, 0x0000000100000000)
  region size 1024K, 5 young (5120K), 2 survivors (2048K)
 Metaspace       used 53380K, committed 53888K, reserved 1114112K
  class space    used 7137K, committed 7360K, reserved 1048576K
}
Event: 7.556 GC heap after
{Heap after GC invocations=24 (full 0):
 garbage-first heap   total 146432K, used 67668K [0x0000000080000000, 0x0000000100000000)
  region size 1024K, 1 young (1024K), 1 survivors (1024K)
 Metaspace       used 53380K, committed 53888K, reserved 1114112K
  class space    used 7137K, committed 7360K, reserved 1048576K
}
Event: 7.794 GC heap before
{Heap before GC invocations=24 (full 0):
 garbage-first heap   total 146432K, used 99412K [0x0000000080000000, 0x0000000100000000)
  region size 1024K, 32 young (32768K), 1 survivors (1024K)
 Metaspace       used 53790K, committed 54336K, reserved 1114112K
  class space    used 7163K, committed 7424K, reserved 1048576K
}
Event: 7.796 GC heap after
{Heap after GC invocations=25 (full 0):
 garbage-first heap   total 146432K, used 68005K [0x0000000080000000, 0x0000000100000000)
  region size 1024K, 1 young (1024K), 1 survivors (1024K)
 Metaspace       used 53790K, committed 54336K, reserved 1114112K
  class space    used 7163K, committed 7424K, reserved 1048576K
}
Event: 8.131 GC heap before
{Heap before GC invocations=26 (full 0):
 garbage-first heap   total 146432K, used 102821K [0x0000000080000000, 0x0000000100000000)
  region size 1024K, 35 young (35840K), 1 survivors (1024K)
 Metaspace       used 53844K, committed 54400K, reserved 1114112K
  class space    used 7163K, committed 7424K, reserved 1048576K
}
Event: 8.133 GC heap after
{Heap after GC invocations=27 (full 0):
 garbage-first heap   total 146432K, used 68495K [0x0000000080000000, 0x0000000100000000)
  region size 1024K, 1 young (1024K), 1 survivors (1024K)
 Metaspace       used 53844K, committed 54400K, reserved 1114112K
  class space    used 7163K, committed 7424K, reserved 1048576K
}
Event: 8.542 GC heap before
{Heap before GC invocations=27 (full 0):
 garbage-first heap   total 146432K, used 107407K [0x0000000080000000, 0x0000000100000000)
  region size 1024K, 39 young (39936K), 1 survivors (1024K)
 Metaspace       used 53859K, committed 54464K, reserved 1114112K
  class space    used 7164K, committed 7424K, reserved 1048576K
}
Event: 8.545 GC heap after
{Heap after GC invocations=28 (full 0):
 garbage-first heap   total 146432K, used 68324K [0x0000000080000000, 0x0000000100000000)
  region size 1024K, 1 young (1024K), 1 survivors (1024K)
 Metaspace       used 53859K, committed 54464K, reserved 1114112K
  class space    used 7164K, committed 7424K, reserved 1048576K
}
Event: 8.928 GC heap before
{Heap before GC invocations=29 (full 0):
 garbage-first heap   total 146432K, used 110308K [0x0000000080000000, 0x0000000100000000)
  region size 1024K, 42 young (43008K), 1 survivors (1024K)
 Metaspace       used 53873K, committed 54464K, reserved 1114112K
  class space    used 7164K, committed 7424K, reserved 1048576K
}
Event: 8.931 GC heap after
{Heap after GC invocations=30 (full 0):
 garbage-first heap   total 146432K, used 68792K [0x0000000080000000, 0x0000000100000000)
  region size 1024K, 2 young (2048K), 2 survivors (2048K)
 Metaspace       used 53873K, committed 54464K, reserved 1114112K
  class space    used 7164K, committed 7424K, reserved 1048576K
}
Event: 9.266 GC heap before
{Heap before GC invocations=30 (full 0):
 garbage-first heap   total 146432K, used 112824K [0x0000000080000000, 0x0000000100000000)
  region size 1024K, 45 young (46080K), 2 survivors (2048K)
 Metaspace       used 53888K, committed 54464K, reserved 1114112K
  class space    used 7164K, committed 7424K, reserved 1048576K
}
Event: 9.269 GC heap after
{Heap after GC invocations=31 (full 0):
 garbage-first heap   total 146432K, used 68693K [0x0000000080000000, 0x0000000100000000)
  region size 1024K, 2 young (2048K), 2 survivors (2048K)
 Metaspace       used 53888K, committed 54464K, reserved 1114112K
  class space    used 7164K, committed 7424K, reserved 1048576K
}
Event: 9.573 GC heap before
{Heap before GC invocations=32 (full 0):
 garbage-first heap   total 146432K, used 115797K [0x0000000080000000, 0x0000000100000000)
  region size 1024K, 48 young (49152K), 2 survivors (2048K)
 Metaspace       used 53899K, committed 54464K, reserved 1114112K
  class space    used 7164K, committed 7424K, reserved 1048576K
}
Event: 9.575 GC heap after
{Heap after GC invocations=33 (full 0):
 garbage-first heap   total 146432K, used 68955K [0x0000000080000000, 0x0000000100000000)
  region size 1024K, 2 young (2048K), 2 survivors (2048K)
 Metaspace       used 53899K, committed 54464K, reserved 1114112K
  class space    used 7164K, committed 7424K, reserved 1048576K
}

Dll operation events (3 events):
Event: 0.015 Loaded shared library C:\Program Files\Android\Android Studio\jbr\bin\java.dll
Event: 0.216 Loaded shared library C:\Program Files\Android\Android Studio\jbr\bin\zip.dll
Event: 0.550 Loaded shared library C:\Program Files\Android\Android Studio\jbr\bin\verify.dll

Deoptimization events (20 events):
Event: 9.721 Thread 0x000002b3b630e2a0 DEOPT PACKING pc=0x000002b3995da07e sp=0x000000fb328f6ea0
Event: 9.721 Thread 0x000002b3b630e2a0 DEOPT UNPACKING pc=0x000002b3a06e7143 sp=0x000000fb328f6310 mode 0
Event: 9.726 Thread 0x000002b3b630e2a0 DEOPT PACKING pc=0x000002b3995da07e sp=0x000000fb328f6ea0
Event: 9.726 Thread 0x000002b3b630e2a0 DEOPT UNPACKING pc=0x000002b3a06e7143 sp=0x000000fb328f6310 mode 0
Event: 9.730 Thread 0x000002b3b630e2a0 DEOPT PACKING pc=0x000002b3995da07e sp=0x000000fb328f6ea0
Event: 9.730 Thread 0x000002b3b630e2a0 DEOPT UNPACKING pc=0x000002b3a06e7143 sp=0x000000fb328f6310 mode 0
Event: 9.735 Thread 0x000002b3b630e2a0 DEOPT PACKING pc=0x000002b3995da07e sp=0x000000fb328f6ea0
Event: 9.735 Thread 0x000002b3b630e2a0 DEOPT UNPACKING pc=0x000002b3a06e7143 sp=0x000000fb328f6310 mode 0
Event: 9.739 Thread 0x000002b3b630e2a0 DEOPT PACKING pc=0x000002b3995da07e sp=0x000000fb328f6ab0
Event: 9.739 Thread 0x000002b3b630e2a0 DEOPT UNPACKING pc=0x000002b3a06e7143 sp=0x000000fb328f5f20 mode 0
Event: 9.743 Thread 0x000002b3b630e2a0 DEOPT PACKING pc=0x000002b3995da07e sp=0x000000fb328f70b0
Event: 9.744 Thread 0x000002b3b630e2a0 DEOPT UNPACKING pc=0x000002b3a06e7143 sp=0x000000fb328f6520 mode 0
Event: 9.746 Thread 0x000002b3b630e2a0 DEOPT PACKING pc=0x000002b3995da07e sp=0x000000fb328f6ea0
Event: 9.746 Thread 0x000002b3b630e2a0 DEOPT UNPACKING pc=0x000002b3a06e7143 sp=0x000000fb328f6310 mode 0
Event: 9.748 Thread 0x000002b3b630e2a0 DEOPT PACKING pc=0x000002b3995da07e sp=0x000000fb328f6ea0
Event: 9.748 Thread 0x000002b3b630e2a0 DEOPT UNPACKING pc=0x000002b3a06e7143 sp=0x000000fb328f6310 mode 0
Event: 9.752 Thread 0x000002b3b630e2a0 DEOPT PACKING pc=0x000002b3995da07e sp=0x000000fb328f6ab0
Event: 9.752 Thread 0x000002b3b630e2a0 DEOPT UNPACKING pc=0x000002b3a06e7143 sp=0x000000fb328f5f20 mode 0
Event: 9.756 Thread 0x000002b3b630e2a0 DEOPT PACKING pc=0x000002b3995da07e sp=0x000000fb328f6ea0
Event: 9.756 Thread 0x000002b3b630e2a0 DEOPT UNPACKING pc=0x000002b3a06e7143 sp=0x000000fb328f6310 mode 0

Classes unloaded (0 events):
No events

Classes redefined (0 events):
No events

Internal exceptions (20 events):
Event: 7.470 Thread 0x000002b3b630e2a0 Exception <a 'sun/nio/fs/WindowsException'{0x0000000086947068}> (0x0000000086947068) 
thrown [s\src\hotspot\share\prims\jni.cpp, line 531]
Event: 7.471 Thread 0x000002b3b630e2a0 Exception <a 'sun/nio/fs/WindowsException'{0x00000000869488f8}> (0x00000000869488f8) 
thrown [s\src\hotspot\share\prims\jni.cpp, line 531]
Event: 7.474 Thread 0x000002b3b630e2a0 Exception <a 'java/lang/NoSuchMethodError'{0x000000008695a5e8}: 'java.lang.Object java.lang.invoke.Invokers$Holder.invoker(java.lang.Object, java.lang.Object, java.lang.Object, java.lang.Object, java.lang.Object, java.lang.Object)'> (0x000000008695a5e8) 
thrown [s\src\hotspot\share\interpreter\linkResolver.cpp, line 771]
Event: 7.483 Thread 0x000002b3b630e2a0 Exception <a 'java/lang/NoSuchMethodError'{0x00000000869e4f98}: 'java.lang.Object java.lang.invoke.Invokers$Holder.invoker(java.lang.Object, java.lang.Object, java.lang.Object, java.lang.Object)'> (0x00000000869e4f98) 
thrown [s\src\hotspot\share\interpreter\linkResolver.cpp, line 771]
Event: 7.492 Thread 0x000002b3b630e2a0 Exception <a 'java/lang/NoSuchMethodError'{0x0000000086856388}: 'java.lang.Object java.lang.invoke.Invokers$Holder.invoker(java.lang.Object, java.lang.Object, java.lang.Object, java.lang.Object, java.lang.Object)'> (0x0000000086856388) 
thrown [s\src\hotspot\share\interpreter\linkResolver.cpp, line 771]
Event: 7.495 Thread 0x000002b3b630e2a0 Exception <a 'java/lang/NoSuchMethodError'{0x0000000086874020}: 'java.lang.Object java.lang.invoke.DirectMethodHandle$Holder.invokeSpecial(java.lang.Object, java.lang.Object, java.lang.Object, java.lang.Object, java.lang.Object, java.lang.Object, java.lang.Object, java.lang.Object, java.lang.Object, java.lang.Object, java.lang.Object, java.lang.Object, java.lang.Object, java.lang.Object, java.lang.Object, java.lang.Object, java.lang.Object, java.lang.Object, java.lang.Object, java.lang.Object, java.lang.Ob
Event: 7.496 Thread 0x000002b3b630e2a0 Exception <a 'java/lang/NoSuchMethodError'{0x0000000086879fa0}: 'java.lang.Object java.lang.invoke.DelegatingMethodHandle$Holder.reinvoke_L(java.lang.Object, java.lang.Object, java.lang.Object, java.lang.Object, java.lang.Object, java.lang.Object, java.lang.Object, java.lang.Object, java.lang.Object, java.lang.Object, java.lang.Object, java.lang.Object, java.lang.Object, java.lang.Object, java.lang.Object, java.lang.Object, java.lang.Object, java.lang.Object, java.lang.Object, java.lang.Object, java.lang.O
Event: 7.496 Thread 0x000002b3b630e2a0 Exception <a 'java/lang/NoSuchMethodError'{0x0000000086885e00}: 'java.lang.Object java.lang.invoke.Invokers$Holder.invoker(java.lang.Object, java.lang.Object, java.lang.Object, java.lang.Object, java.lang.Object, java.lang.Object, java.lang.Object, java.lang.Object, java.lang.Object, java.lang.Object, java.lang.Object, java.lang.Object, java.lang.Object, java.lang.Object, java.lang.Object, java.lang.Object, java.lang.Object, java.lang.Object, java.lang.Object, java.lang.Object, java.lang.Object, java.lang.
Event: 7.497 Thread 0x000002b3b630e2a0 Exception <a 'java/lang/NoSuchMethodError'{0x000000008688ccb0}: 'java.lang.Object java.lang.invoke.DelegatingMethodHandle$Holder.delegate(java.lang.Object, java.lang.Object, java.lang.Object, java.lang.Object, java.lang.Object, java.lang.Object, java.lang.Object, java.lang.Object, java.lang.Object, java.lang.Object, java.lang.Object, java.lang.Object, java.lang.Object, java.lang.Object, java.lang.Object, java.lang.Object, java.lang.Object, java.lang.Object, java.lang.Object, java.lang.Object, java.lang.Obj
Event: 7.504 Thread 0x000002b3b630e2a0 Exception <a 'java/lang/NoSuchMethodError'{0x0000000086708098}: 'java.lang.Object java.lang.invoke.DirectMethodHandle$Holder.invokeStatic(java.lang.Object, java.lang.Object, java.lang.Object, java.lang.Object, java.lang.Object, java.lang.Object, java.lang.Object, java.lang.Object, java.lang.Object, java.lang.Object, java.lang.Object, java.lang.Object, java.lang.Object, java.lang.Object, java.lang.Object, java.lang.Object, java.lang.Object)'> (0x0000000086708098) 
thrown [s\src\hotspot\share\interpreter\lin
Event: 7.506 Thread 0x000002b3b630e2a0 Exception <a 'java/lang/NoSuchMethodError'{0x0000000086731408}: 'java.lang.Object java.lang.invoke.DirectMethodHandle$Holder.invokeStatic(java.lang.Object, java.lang.Object, java.lang.Object, java.lang.Object, java.lang.Object, java.lang.Object, java.lang.Object, java.lang.Object, java.lang.Object, java.lang.Object, java.lang.Object, java.lang.Object, java.lang.Object, java.lang.Object, java.lang.Object, java.lang.Object, java.lang.Object, java.lang.Object)'> (0x0000000086731408) 
thrown [s\src\hotspot\sha
Event: 7.508 Thread 0x000002b3b630e2a0 Exception <a 'java/lang/NoSuchMethodError'{0x000000008675bd08}: 'java.lang.Object java.lang.invoke.DirectMethodHandle$Holder.invokeStatic(java.lang.Object, java.lang.Object, java.lang.Object, java.lang.Object, java.lang.Object, java.lang.Object, java.lang.Object, java.lang.Object, java.lang.Object, java.lang.Object, java.lang.Object, java.lang.Object, java.lang.Object, java.lang.Object, java.lang.Object, java.lang.Object, java.lang.Object, java.lang.Object, java.lang.Object)'> (0x000000008675bd08) 
thrown 
Event: 7.510 Thread 0x000002b3b630e2a0 Exception <a 'java/lang/NoSuchMethodError'{0x0000000086786fb8}: 'java.lang.Object java.lang.invoke.DirectMethodHandle$Holder.invokeStatic(java.lang.Object, java.lang.Object, java.lang.Object, java.lang.Object, java.lang.Object, java.lang.Object, java.lang.Object, java.lang.Object, java.lang.Object, java.lang.Object, java.lang.Object, java.lang.Object, java.lang.Object, java.lang.Object, java.lang.Object, java.lang.Object, java.lang.Object, java.lang.Object, java.lang.Object, java.lang.Object)'> (0x00000000
Event: 7.512 Thread 0x000002b3b630e2a0 Exception <a 'java/lang/NoSuchMethodError'{0x00000000867b4220}: 'java.lang.Object java.lang.invoke.DirectMethodHandle$Holder.invokeStatic(java.lang.Object, java.lang.Object, java.lang.Object, java.lang.Object, java.lang.Object, java.lang.Object, java.lang.Object, java.lang.Object, java.lang.Object, java.lang.Object, java.lang.Object, java.lang.Object, java.lang.Object, java.lang.Object, java.lang.Object, java.lang.Object, java.lang.Object, java.lang.Object, java.lang.Object, java.lang.Object, java.lang.Obj
Event: 7.514 Thread 0x000002b3b630e2a0 Exception <a 'java/lang/NoSuchMethodError'{0x00000000867de5e0}: 'java.lang.Object java.lang.invoke.DirectMethodHandle$Holder.invokeStatic(java.lang.Object, java.lang.Object, java.lang.Object, java.lang.Object, java.lang.Object, java.lang.Object, java.lang.Object, java.lang.Object, java.lang.Object, java.lang.Object, java.lang.Object, java.lang.Object, java.lang.Object, java.lang.Object, java.lang.Object, java.lang.Object, java.lang.Object, java.lang.Object, java.lang.Object, java.lang.Object, java.lang.Obj
Event: 7.516 Thread 0x000002b3b630e2a0 Exception <a 'java/lang/NoSuchMethodError'{0x000000008660fe30}: 'java.lang.Object java.lang.invoke.DirectMethodHandle$Holder.invokeStatic(java.lang.Object, java.lang.Object, java.lang.Object, java.lang.Object, java.lang.Object, java.lang.Object, java.lang.Object, java.lang.Object, java.lang.Object, java.lang.Object, java.lang.Object, java.lang.Object, java.lang.Object, java.lang.Object, java.lang.Object, java.lang.Object, java.lang.Object, java.lang.Object, java.lang.Object, java.lang.Object, java.lang.Obj
Event: 7.518 Thread 0x000002b3b630e2a0 Exception <a 'java/lang/NoSuchMethodError'{0x000000008663f978}: 'java.lang.Object java.lang.invoke.DirectMethodHandle$Holder.invokeStatic(java.lang.Object, java.lang.Object, java.lang.Object, java.lang.Object, java.lang.Object, java.lang.Object, java.lang.Object, java.lang.Object, java.lang.Object, java.lang.Object, java.lang.Object, java.lang.Object, java.lang.Object, java.lang.Object, java.lang.Object, java.lang.Object, java.lang.Object, java.lang.Object, java.lang.Object, java.lang.Object, java.lang.Obj
Event: 7.520 Thread 0x000002b3b630e2a0 Exception <a 'java/lang/NoSuchMethodError'{0x00000000866711f0}: 'java.lang.Object java.lang.invoke.DirectMethodHandle$Holder.invokeStatic(java.lang.Object, java.lang.Object, java.lang.Object, java.lang.Object, java.lang.Object, java.lang.Object, java.lang.Object, java.lang.Object, java.lang.Object, java.lang.Object, java.lang.Object, java.lang.Object, java.lang.Object, java.lang.Object, java.lang.Object, java.lang.Object, java.lang.Object, java.lang.Object, java.lang.Object, java.lang.Object, java.lang.Obj
Event: 7.610 Thread 0x000002b3b630e2a0 Exception <a 'sun/nio/fs/WindowsException'{0x000000008c347b50}> (0x000000008c347b50) 
thrown [s\src\hotspot\share\prims\jni.cpp, line 531]
Event: 7.610 Thread 0x000002b3b630e2a0 Exception <a 'sun/nio/fs/WindowsException'{0x000000008c3493e8}> (0x000000008c3493e8) 
thrown [s\src\hotspot\share\prims\jni.cpp, line 531]

VM Operations (20 events):
Event: 7.863 Executing VM operation: G1PauseCleanup
Event: 7.886 Executing VM operation: G1PauseCleanup done
Event: 8.131 Executing VM operation: G1CollectForAllocation
Event: 8.133 Executing VM operation: G1CollectForAllocation done
Event: 8.542 Executing VM operation: G1CollectForAllocation
Event: 8.545 Executing VM operation: G1CollectForAllocation done
Event: 8.621 Executing VM operation: G1PauseRemark
Event: 8.625 Executing VM operation: G1PauseRemark done
Event: 8.660 Executing VM operation: G1PauseCleanup
Event: 8.661 Executing VM operation: G1PauseCleanup done
Event: 8.928 Executing VM operation: G1CollectForAllocation
Event: 8.931 Executing VM operation: G1CollectForAllocation done
Event: 9.266 Executing VM operation: G1CollectForAllocation
Event: 9.269 Executing VM operation: G1CollectForAllocation done
Event: 9.323 Executing VM operation: G1PauseRemark
Event: 9.326 Executing VM operation: G1PauseRemark done
Event: 9.350 Executing VM operation: G1PauseCleanup
Event: 9.350 Executing VM operation: G1PauseCleanup done
Event: 9.572 Executing VM operation: G1CollectForAllocation
Event: 9.575 Executing VM operation: G1CollectForAllocation done

Events (20 events):
Event: 7.749 Thread 0x000002b3b0025110 flushing nmethod 0x000002b3998c1090
Event: 7.749 Thread 0x000002b3b0025110 flushing nmethod 0x000002b3998dcc10
Event: 7.749 Thread 0x000002b3b0025110 flushing nmethod 0x000002b3998fb210
Event: 7.749 Thread 0x000002b3b0025110 flushing nmethod 0x000002b399929910
Event: 7.749 Thread 0x000002b3b0025110 flushing nmethod 0x000002b399937f90
Event: 7.749 Thread 0x000002b3b0025110 flushing nmethod 0x000002b39995c910
Event: 7.749 Thread 0x000002b3b0025110 flushing nmethod 0x000002b39995d410
Event: 7.749 Thread 0x000002b3b0025110 flushing nmethod 0x000002b39996be10
Event: 7.749 Thread 0x000002b3b0025110 flushing nmethod 0x000002b39997ec10
Event: 7.749 Thread 0x000002b3b0025110 flushing nmethod 0x000002b39997f090
Event: 7.750 Thread 0x000002b3b0025110 flushing nmethod 0x000002b399a0c290
Event: 7.750 Thread 0x000002b3b0025110 flushing nmethod 0x000002b399a0c690
Event: 7.750 Thread 0x000002b3b0025110 flushing nmethod 0x000002b399a0cc90
Event: 7.750 Thread 0x000002b3b0025110 flushing nmethod 0x000002b399a0d690
Event: 7.750 Thread 0x000002b3b0025110 flushing nmethod 0x000002b399ab5210
Event: 7.750 Thread 0x000002b3b0025110 flushing nmethod 0x000002b399ad3c10
Event: 7.751 Thread 0x000002b3b0025110 flushing nmethod 0x000002b399b28a90
Event: 7.751 Thread 0x000002b3b0025110 flushing nmethod 0x000002b399b2c390
Event: 7.751 Thread 0x000002b3b0025110 flushing nmethod 0x000002b399b3de10
Event: 7.751 Thread 0x000002b3b0025110 flushing nmethod 0x000002b399b44610


Dynamic libraries:
0x00007ff688430000 - 0x00007ff68843a000 	C:\Program Files\Android\Android Studio\jbr\bin\java.exe
0x00007ff896f70000 - 0x00007ff897168000 	C:\Windows\SYSTEM32\ntdll.dll
0x00007ff896390000 - 0x00007ff896452000 	C:\Windows\System32\KERNEL32.DLL
0x00007ff894a20000 - 0x00007ff894d16000 	C:\Windows\System32\KERNELBASE.dll
0x00007ff894e90000 - 0x00007ff894f90000 	C:\Windows\System32\ucrtbase.dll
0x00007ff8779f0000 - 0x00007ff877a07000 	C:\Program Files\Android\Android Studio\jbr\bin\jli.dll
0x00007ff877930000 - 0x00007ff87794b000 	C:\Program Files\Android\Android Studio\jbr\bin\VCRUNTIME140.dll
0x00007ff896150000 - 0x00007ff8962ed000 	C:\Windows\System32\USER32.dll
0x00007ff894dd0000 - 0x00007ff894df2000 	C:\Windows\System32\win32u.dll
0x00007ff896d10000 - 0x00007ff896d3b000 	C:\Windows\System32\GDI32.dll
0x00007ff878e50000 - 0x00007ff8790ea000 	C:\Windows\WinSxS\amd64_microsoft.windows.common-controls_6595b64144ccf1df_6.0.19041.4355_none_60b8b9eb71f62e16\COMCTL32.dll
0x00007ff894630000 - 0x00007ff89474a000 	C:\Windows\System32\gdi32full.dll
0x00007ff894980000 - 0x00007ff894a1d000 	C:\Windows\System32\msvcp_win.dll
0x00007ff8962f0000 - 0x00007ff89638e000 	C:\Windows\System32\msvcrt.dll
0x00007ff896570000 - 0x00007ff89659f000 	C:\Windows\System32\IMM32.DLL
0x00007ff890450000 - 0x00007ff89045c000 	C:\Program Files\Android\Android Studio\jbr\bin\vcruntime140_1.dll
0x00007ff855bc0000 - 0x00007ff855c4d000 	C:\Program Files\Android\Android Studio\jbr\bin\msvcp140.dll
0x00007ff825630000 - 0x00007ff8262b3000 	C:\Program Files\Android\Android Studio\jbr\bin\server\jvm.dll
0x00007ff896d40000 - 0x00007ff896def000 	C:\Windows\System32\ADVAPI32.dll
0x00007ff8956e0000 - 0x00007ff89577f000 	C:\Windows\System32\sechost.dll
0x00007ff895280000 - 0x00007ff8953a3000 	C:\Windows\System32\RPCRT4.dll
0x00007ff894600000 - 0x00007ff894627000 	C:\Windows\System32\bcrypt.dll
0x00007ff891c50000 - 0x00007ff891c59000 	C:\Windows\SYSTEM32\WSOCK32.dll
0x00007ff893b30000 - 0x00007ff893b7b000 	C:\Windows\SYSTEM32\POWRPROF.dll
0x00007ff8826d0000 - 0x00007ff8826f7000 	C:\Windows\SYSTEM32\WINMM.dll
0x00007ff890970000 - 0x00007ff89097a000 	C:\Windows\SYSTEM32\VERSION.dll
0x00007ff8957e0000 - 0x00007ff89584b000 	C:\Windows\System32\WS2_32.dll
0x00007ff893a00000 - 0x00007ff893a12000 	C:\Windows\SYSTEM32\UMPDC.dll
0x00007ff892480000 - 0x00007ff892492000 	C:\Windows\SYSTEM32\kernel.appcore.dll
0x00007ff890840000 - 0x00007ff89084a000 	C:\Program Files\Android\Android Studio\jbr\bin\jimage.dll
0x00007ff890490000 - 0x00007ff890674000 	C:\Windows\SYSTEM32\DBGHELP.DLL
0x00007ff868e50000 - 0x00007ff868e84000 	C:\Windows\SYSTEM32\dbgcore.DLL
0x00007ff894e00000 - 0x00007ff894e82000 	C:\Windows\System32\bcryptPrimitives.dll
0x00007ff877b00000 - 0x00007ff877b0e000 	C:\Program Files\Android\Android Studio\jbr\bin\instrument.dll
0x00007ff8862f0000 - 0x00007ff886315000 	C:\Program Files\Android\Android Studio\jbr\bin\java.dll
0x00007ff890790000 - 0x00007ff8907a8000 	C:\Program Files\Android\Android Studio\jbr\bin\zip.dll
0x00007ff8965a0000 - 0x00007ff896d0f000 	C:\Windows\System32\SHELL32.dll
0x00007ff892680000 - 0x00007ff892e23000 	C:\Windows\SYSTEM32\windows.storage.dll
0x00007ff8958f0000 - 0x00007ff895c45000 	C:\Windows\System32\combase.dll
0x00007ff894030000 - 0x00007ff89405b000 	C:\Windows\SYSTEM32\Wldp.dll
0x00007ff894f90000 - 0x00007ff89505d000 	C:\Windows\System32\OLEAUT32.dll
0x00007ff895630000 - 0x00007ff8956dd000 	C:\Windows\System32\SHCORE.dll
0x00007ff8960f0000 - 0x00007ff896145000 	C:\Windows\System32\shlwapi.dll
0x00007ff894530000 - 0x00007ff894555000 	C:\Windows\SYSTEM32\profapi.dll
0x00007ff88e020000 - 0x00007ff88e039000 	C:\Program Files\Android\Android Studio\jbr\bin\net.dll
0x00007ff88d070000 - 0x00007ff88d17a000 	C:\Windows\SYSTEM32\WINHTTP.dll
0x00007ff893d90000 - 0x00007ff893dfc000 	C:\Windows\system32\mswsock.dll
0x00007ff877b10000 - 0x00007ff877b26000 	C:\Program Files\Android\Android Studio\jbr\bin\nio.dll
0x00007ff890760000 - 0x00007ff890770000 	C:\Program Files\Android\Android Studio\jbr\bin\verify.dll
0x00007ff8778e0000 - 0x00007ff877907000 	C:\Users\Abdelrahman\.gradle\native\c067742578af261105cb4f569cf0c3c89f3d7b1fecec35dd04571415982c5e48\windows-amd64\native-platform.dll
0x00007ff86c690000 - 0x00007ff86c7d4000 	C:\Users\Abdelrahman\.gradle\native\38dada09dfb8b06ba9b0570ebf7e218e3eb74d4ef43ca46872605cf95ebc2f47\windows-amd64\native-platform-file-events.dll
0x00007ff8862e0000 - 0x00007ff8862e9000 	C:\Program Files\Android\Android Studio\jbr\bin\management.dll
0x00007ff8862a0000 - 0x00007ff8862ab000 	C:\Program Files\Android\Android Studio\jbr\bin\management_ext.dll
0x00007ff895270000 - 0x00007ff895278000 	C:\Windows\System32\PSAPI.DLL
0x00007ff893f90000 - 0x00007ff893fa8000 	C:\Windows\SYSTEM32\CRYPTSP.dll
0x00007ff893640000 - 0x00007ff893678000 	C:\Windows\system32\rsaenh.dll
0x00007ff8944f0000 - 0x00007ff89451e000 	C:\Windows\SYSTEM32\USERENV.dll
0x00007ff893f80000 - 0x00007ff893f8c000 	C:\Windows\SYSTEM32\CRYPTBASE.dll
0x00007ff893a20000 - 0x00007ff893a5b000 	C:\Windows\SYSTEM32\IPHLPAPI.DLL
0x00007ff896f20000 - 0x00007ff896f28000 	C:\Windows\System32\NSI.dll
0x00007ff88e0e0000 - 0x00007ff88e0f7000 	C:\Windows\SYSTEM32\dhcpcsvc6.DLL
0x00007ff890070000 - 0x00007ff89008d000 	C:\Windows\SYSTEM32\dhcpcsvc.DLL
0x00007ff893a60000 - 0x00007ff893b2a000 	C:\Windows\SYSTEM32\DNSAPI.dll
0x00007ff88a7f0000 - 0x00007ff88a7f9000 	C:\Program Files\Android\Android Studio\jbr\bin\extnet.dll
0x00007ff88e1f0000 - 0x00007ff88e1f7000 	C:\Windows\system32\wshunix.dll

dbghelp: loaded successfully - version: 4.0.5 - missing functions: none
symbol engine: initialized successfully - sym options: 0x614 - pdb path: .;C:\Program Files\Android\Android Studio\jbr\bin;C:\Windows\SYSTEM32;C:\Windows\WinSxS\amd64_microsoft.windows.common-controls_6595b64144ccf1df_6.0.19041.4355_none_60b8b9eb71f62e16;C:\Program Files\Android\Android Studio\jbr\bin\server;C:\Users\Abdelrahman\.gradle\native\c067742578af261105cb4f569cf0c3c89f3d7b1fecec35dd04571415982c5e48\windows-amd64;C:\Users\Abdelrahman\.gradle\native\38dada09dfb8b06ba9b0570ebf7e218e3eb74d4ef43ca46872605cf95ebc2f47\windows-amd64

VM Arguments:
jvm_args: --add-opens=java.base/java.util=ALL-UNNAMED --add-opens=java.base/java.lang=ALL-UNNAMED --add-opens=java.base/java.lang.invoke=ALL-UNNAMED --add-opens=java.prefs/java.util.prefs=ALL-UNNAMED --add-opens=java.base/java.nio.charset=ALL-UNNAMED --add-opens=java.base/java.net=ALL-UNNAMED --add-opens=java.base/java.util.concurrent.atomic=ALL-UNNAMED -Xmx2048m -Dfile.encoding=UTF-8 -Duser.country=US -Duser.language=en -Duser.variant -javaagent:C:\Users\Abdelrahman\.gradle\wrapper\dists\gradle-8.6-bin\afr5mpiioh2wthjmwnkmdsd5w\gradle-8.6\lib\agents\gradle-instrumentation-agent-8.6.jar 
java_command: org.gradle.launcher.daemon.bootstrap.GradleDaemon 8.6
java_class_path (initial): C:\Users\Abdelrahman\.gradle\wrapper\dists\gradle-8.6-bin\afr5mpiioh2wthjmwnkmdsd5w\gradle-8.6\lib\gradle-launcher-8.6.jar
Launcher Type: SUN_STANDARD

[Global flags]
     intx CICompilerCount                          = 4                                         {product} {ergonomic}
     uint ConcGCThreads                            = 3                                         {product} {ergonomic}
     uint G1ConcRefinementThreads                  = 10                                        {product} {ergonomic}
   size_t G1HeapRegionSize                         = 1048576                                   {product} {ergonomic}
    uintx GCDrainStackTargetSize                   = 64                                        {product} {ergonomic}
   size_t InitialHeapSize                          = 266338304                                 {product} {ergonomic}
   size_t MarkStackSize                            = 4194304                                   {product} {ergonomic}
   size_t MaxHeapSize                              = 2147483648                                {product} {command line}
   size_t MaxNewSize                               = 1287651328                                {product} {ergonomic}
   size_t MinHeapDeltaBytes                        = 1048576                                   {product} {ergonomic}
   size_t MinHeapSize                              = 8388608                                   {product} {ergonomic}
    uintx NonNMethodCodeHeapSize                   = 5839372                                {pd product} {ergonomic}
    uintx NonProfiledCodeHeapSize                  = 122909434                              {pd product} {ergonomic}
    uintx ProfiledCodeHeapSize                     = 122909434                              {pd product} {ergonomic}
    uintx ReservedCodeCacheSize                    = 251658240                              {pd product} {ergonomic}
     bool SegmentedCodeCache                       = true                                      {product} {ergonomic}
   size_t SoftMaxHeapSize                          = 2147483648                             {manageable} {ergonomic}
     bool UseCompressedClassPointers               = true                           {product lp64_product} {ergonomic}
     bool UseCompressedOops                        = true                           {product lp64_product} {ergonomic}
     bool UseG1GC                                  = true                                      {product} {ergonomic}
     bool UseLargePagesIndividualAllocation        = false                                  {pd product} {ergonomic}

Logging:
Log output configuration:
 #0: stdout all=warning uptime,level,tags
 #1: stderr all=off uptime,level,tags

Environment Variables:
JAVA_HOME=C:\Program Files\Java\jdk-23
PATH=C:\Program Files\Common Files\Oracle\Java\javapath;C:\Program Files (x86)\NVIDIA Corporation\PhysX\Common;C:\Windows\system32;C:\Windows;C:\Windows\System32\Wbem;C:\Windows\System32\WindowsPowerShell\v1.0\;C:\Windows\System32\OpenSSH\;C:\Program Files\Git\cmd;C:\Program Files\Java\jdk-23\bin;E:\MSOffice2021;C:\Users\Abdelrahman\AppData\Local\Programs\Python\Python313;C:\Users\Abdelrahman\AppData\Local\Programs\Python\Python313\Scripts;C:\Program Files (x86)\Microsoft SQL Server\160\Tools\Binn\;C:\Program Files\Microsoft SQL Server\160\Tools\Binn\;C:\Program Files\Microsoft SQL Server\Client SDK\ODBC\170\Tools\Binn\;C:\Program Files\Microsoft SQL Server\160\DTS\Binn\;C:\Program Files (x86)\Microsoft SQL Server\160\DTS\Binn\;C:\Users\Abdelrahman\AppData\Local\Programs\Python\Launcher\;C:\Users\Abdelrahman\AppData\Local\Microsoft\WindowsApps;C:\Users\Abdelrahman\AppData\Local\Programs\Microsoft VS Code\bin;C:\src\flutter\bin;
USERNAME=Abdelrahman
OS=Windows_NT
PROCESSOR_IDENTIFIER=Intel64 Family 6 Model 158 Stepping 13, GenuineIntel
TMP=C:\Users\ABDELR~1\AppData\Local\Temp
TEMP=C:\Users\ABDELR~1\AppData\Local\Temp



Periodic native trim disabled

JNI global refs:
JNI global refs: 27, weak refs: 44

JNI global refs memory usage: 843, weak refs: 841

Process memory usage:
Resident Set Size: 328580K (1% of 16579748K total physical memory with 419152K free physical memory)

OOME stack traces (most recent first):
Classloader memory used:
Loader org.gradle.internal.classloader.VisitableURLClassLoader                         : 3271K
Loader bootstrap                                                                       : 2423K
Loader org.gradle.initialization.MixInLegacyTypesClassLoader                           : 749K
Loader org.gradle.internal.classloader.VisitableURLClassLoader                         : 88191B
Loader org.gradle.internal.classloader.VisitableURLClassLoader$InstrumentingVisitableURLClassLoader: 74384B
Loader jdk.internal.loader.ClassLoaders$PlatformClassLoader                            : 65011B
Loader jdk.internal.loader.ClassLoaders$AppClassLoader                                 : 28729B
Loader jdk.internal.reflect.DelegatingClassLoader                                      : 27537B
Loader org.gradle.groovy.scripts.internal.DefaultScriptCompilationHandler$ScriptClassLoader: 10713B
Loader org.codehaus.groovy.runtime.callsite.CallSiteClassLoader                        : 5965B

Classes loaded by more than one classloader:
Class org.gradle.api.GradleException                                                  : loaded 3 times (x 80B)
Class org.gradle.util.GradleVersion                                                   : loaded 2 times (x 81B)
Class kotlin.collections.AbstractList                                                 : loaded 2 times (x 157B)
Class kotlin.collections.AbstractCollection                                           : loaded 2 times (x 115B)
Class org.jetbrains.plugins.gradle.model.MavenRepositoryModel                         : loaded 2 times (x 68B)
Class org.gradle.internal.classpath.ClassPath                                         : loaded 2 times (x 68B)
Class org.gradle.api.internal.classpath.DefaultModuleRegistry                         : loaded 2 times (x 84B)
Class org.gradle.internal.exceptions.NonGradleCauseExceptionsHolder                   : loaded 2 times (x 68B)
Class kotlin.enums.EnumEntries                                                        : loaded 2 times (x 68B)
Class org.gradle.api.Action                                                           : loaded 2 times (x 68B)
Class kotlin.enums.EnumEntriesKt                                                      : loaded 2 times (x 69B)
Class org.gradle.api.internal.DefaultClassPathProvider                                : loaded 2 times (x 74B)
Class org.gradle.internal.installation.GradleInstallation$1                           : loaded 2 times (x 73B)
Class org.gradle.internal.exceptions.DefaultMultiCauseException                       : loaded 2 times (x 93B)
Class org.gradle.internal.time.MonotonicClock                                         : loaded 2 times (x 75B)
Class org.gradle.internal.classloader.FilteringClassLoader                            : loaded 2 times (x 103B)
Class org.gradle.internal.classpath.DefaultClassPath$ImmutableUniqueList$Builder      : loaded 2 times (x 73B)
Class kotlin.UninitializedPropertyAccessException                                     : loaded 2 times (x 80B)
Class org.gradle.internal.classloader.ClassLoaderVisitor                              : loaded 2 times (x 74B)
Class org.gradle.internal.time.DefaultCountdownTimer                                  : loaded 2 times (x 86B)
Class sync_studio_tooling22490_785528019lvol9akmkmh7rmkb$_run_closure1                : loaded 2 times (x 137B)
Class org.gradle.internal.service.DefaultServiceLocator                               : loaded 2 times (x 81B)
Class org.gradle.internal.service.UnknownServiceException                             : loaded 2 times (x 81B)
Class org.gradle.internal.classloader.DefaultClassLoaderFactory                       : loaded 2 times (x 80B)
Class sync_studio_tooling22490_785528019lvol9akmkmh7rmkb                              : loaded 2 times (x 177B)
Class org.gradle.internal.classloader.VisitableURLClassLoader$Spec                    : loaded 2 times (x 72B)
Class org.gradle.tooling.model.ProjectModel                                           : loaded 2 times (x 68B)
Class org.gradle.internal.installation.GradleInstallation                             : loaded 2 times (x 73B)
Class org.gradle.api.internal.classpath.ModuleRegistry                                : loaded 2 times (x 68B)
Class org.jetbrains.plugins.gradle.model.RepositoriesModel                            : loaded 2 times (x 68B)
Class kotlin.jvm.internal.markers.KMappedMarker                                       : loaded 2 times (x 68B)
Class org.gradle.api.internal.ClassPathProvider                                       : loaded 2 times (x 68B)
Class org.gradle.internal.classloader.ClasspathUtil$1                                 : loaded 2 times (x 74B)
Class org.gradle.internal.classloader.ClassLoaderFactory                              : loaded 2 times (x 68B)
Class org.gradle.api.internal.classpath.ManifestUtil                                  : loaded 2 times (x 69B)
Class org.gradle.api.specs.Spec                                                       : loaded 2 times (x 68B)
Class ijInit1_5550kmjjgj2jfjxk7c9r13qlu                                               : loaded 2 times (x 177B)
Class kotlin.jvm.internal.Intrinsics                                                  : loaded 2 times (x 69B)
Class org.gradle.internal.IoActions                                                   : loaded 2 times (x 69B)
Class org.gradle.api.internal.classpath.EffectiveClassPath                            : loaded 2 times (x 88B)
Class org.gradle.internal.exceptions.ResolutionProvider                               : loaded 2 times (x 68B)
Class org.gradle.internal.installation.CurrentGradleInstallation                      : loaded 2 times (x 71B)
Class org.gradle.internal.agents.InstrumentingClassLoader                             : loaded 2 times (x 68B)
Class org.gradle.internal.installation.CurrentGradleInstallationLocator               : loaded 2 times (x 69B)
Class org.gradle.api.internal.classpath.Module                                        : loaded 2 times (x 68B)
Class org.gradle.internal.service.CachingServiceLocator                               : loaded 2 times (x 80B)
Class org.gradle.internal.time.Timer                                                  : loaded 2 times (x 68B)
Class org.gradle.internal.classpath.DefaultClassPath                                  : loaded 2 times (x 88B)
Class kotlin.enums.EnumEntriesList                                                    : loaded 2 times (x 183B)
Class kotlin.jvm.functions.Function1                                                  : loaded 2 times (x 68B)
Class org.gradle.internal.time.Time                                                   : loaded 2 times (x 69B)
Class org.gradle.internal.time.TimeSource$1                                           : loaded 2 times (x 75B)
Class kotlin.KotlinNullPointerException                                               : loaded 2 times (x 81B)
Class org.gradle.internal.classloader.SystemClassLoaderSpec                           : loaded 2 times (x 69B)
Class kotlin.Function                                                                 : loaded 2 times (x 68B)
Class org.gradle.api.UncheckedIOException                                             : loaded 2 times (x 80B)
Class org.gradle.internal.time.CountdownTimer                                         : loaded 2 times (x 68B)
Class org.gradle.internal.time.Clock                                                  : loaded 2 times (x 68B)
Class org.gradle.internal.classloader.ClasspathUtil                                   : loaded 2 times (x 69B)
Class org.gradle.api.internal.DefaultClassPathRegistry                                : loaded 2 times (x 74B)
Class org.gradle.api.internal.classpath.DefaultModuleRegistry$DefaultModule           : loaded 2 times (x 84B)
Class org.gradle.internal.time.TimeSource                                             : loaded 2 times (x 68B)
Class org.gradle.api.internal.classpath.UnknownModuleException                        : loaded 2 times (x 80B)
Class org.gradle.internal.service.ServiceLookupException                              : loaded 2 times (x 80B)
Class org.gradle.cache.GlobalCache                                                    : loaded 2 times (x 68B)
Class [Lorg.gradle.api.internal.ClassPathProvider;                                    : loaded 2 times (x 67B)
Class org.gradle.internal.operations.MultipleBuildOperationFailures                   : loaded 2 times (x 93B)
Class org.gradle.util.internal.GUtil                                                  : loaded 2 times (x 69B)
Class org.gradle.internal.classloader.ClassLoaderSpec                                 : loaded 2 times (x 69B)
Class org.gradle.internal.classloader.VisitableURLClassLoader                         : loaded 2 times (x 115B)
Class org.gradle.internal.Cast                                                        : loaded 2 times (x 69B)
Class org.gradle.api.internal.ClassPathRegistry                                       : loaded 2 times (x 68B)
Class org.gradle.internal.classloader.VisitableURLClassLoader$InstrumentingVisitableURLClassLoader: loaded 2 times (x 121B)
Class org.gradle.internal.classloader.ClassLoaderHierarchy                            : loaded 2 times (x 68B)
Class org.gradle.internal.exceptions.MultiCauseException                              : loaded 2 times (x 68B)
Class org.gradle.internal.InternalTransformer                                         : loaded 2 times (x 68B)
Class org.gradle.internal.service.ServiceLocator                                      : loaded 2 times (x 68B)
Class org.gradle.internal.classpath.DefaultClassPath$ImmutableUniqueList              : loaded 2 times (x 159B)
Class org.gradle.internal.time.DefaultTimer                                           : loaded 2 times (x 78B)
Class org.gradle.internal.classpath.TransformedClassPath                              : loaded 2 times (x 94B)
Class kotlin.collections.AbstractList$Companion                                       : loaded 2 times (x 69B)


---------------  S Y S T E M  ---------------

OS:
 Windows 10 , 64 bit Build 19041 (10.0.19041.5678)
OS uptime: 1 days 10:11 hours

CPU: total 12 (initial active 12) (6 cores per cpu, 2 threads per core) family 6 model 158 stepping 13 microcode 0xfa, cx8, cmov, fxsr, ht, mmx, 3dnowpref, sse, sse2, sse3, ssse3, sse4.1, sse4.2, popcnt, lzcnt, tsc, tscinvbit, avx, avx2, aes, erms, clmul, bmi1, bmi2, adx, fma, vzeroupper, clflush, clflushopt
Processor Information for processor 0
  Max Mhz: 2592, Current Mhz: 2592, Mhz Limit: 2592
Processor Information for processor 1
  Max Mhz: 2592, Current Mhz: 1495, Mhz Limit: 2592
Processor Information for processor 2
  Max Mhz: 2592, Current Mhz: 1495, Mhz Limit: 2592
Processor Information for processor 3
  Max Mhz: 2592, Current Mhz: 1495, Mhz Limit: 2592
Processor Information for processor 4
  Max Mhz: 2592, Current Mhz: 1495, Mhz Limit: 2592
Processor Information for processor 5
  Max Mhz: 2592, Current Mhz: 1495, Mhz Limit: 2592
Processor Information for processor 6
  Max Mhz: 2592, Current Mhz: 2592, Mhz Limit: 2592
Processor Information for processor 7
  Max Mhz: 2592, Current Mhz: 1495, Mhz Limit: 2592
Processor Information for processor 8
  Max Mhz: 2592, Current Mhz: 2592, Mhz Limit: 2592
Processor Information for processor 9
  Max Mhz: 2592, Current Mhz: 2592, Mhz Limit: 2592
Processor Information for processor 10
  Max Mhz: 2592, Current Mhz: 1495, Mhz Limit: 2592
Processor Information for processor 11
  Max Mhz: 2592, Current Mhz: 1495, Mhz Limit: 2592

Memory: 4k page, system-wide physical 16191M (407M free)
TotalPageFile size 16191M (AvailPageFile size 5M)
current process WorkingSet (physical memory assigned to process): 323M, peak: 327M
current process commit charge ("private bytes"): 377M, peak: 404M

vm_info: OpenJDK 64-Bit Server VM (17.0.11+0--11852314) for windows-amd64 JRE (17.0.11+0--11852314), built on May 16 2024 21:29:20 by "androidbuild" with MS VC++ 16.10 / 16.11 (VS2019)

END.
